{"/Users/new/Documents/projects/codematic/node/segment-to-context-service/backend/src/app.ts": {"path":"/Users/new/Documents/projects/codematic/node/segment-to-context-service/backend/src/app.ts","statementMap":{"0":{"start":{"line":13,"column":0},"end":{"line":13,"column":16}},"1":{"start":{"line":1,"column":0},"end":{"line":1,"column":30}},"2":{"start":{"line":2,"column":0},"end":{"line":2,"column":24}},"3":{"start":{"line":3,"column":0},"end":{"line":3,"column":28}},"4":{"start":{"line":4,"column":0},"end":{"line":4,"column":38}},"5":{"start":{"line":5,"column":0},"end":{"line":5,"column":35}},"6":{"start":{"line":6,"column":0},"end":{"line":6,"column":55}},"7":{"start":{"line":7,"column":0},"end":{"line":7,"column":56}},"8":{"start":{"line":8,"column":0},"end":{"line":8,"column":73}},"9":{"start":{"line":9,"column":0},"end":{"line":9,"column":51}},"10":{"start":{"line":10,"column":0},"end":{"line":10,"column":49}},"11":{"start":{"line":11,"column":0},"end":{"line":11,"column":57}},"12":{"start":{"line":14,"column":14},"end":{"line":14,"column":23}},"13":{"start":{"line":16,"column":2},"end":{"line":16,"column":20}},"14":{"start":{"line":17,"column":2},"end":{"line":22,"column":4}},"15":{"start":{"line":23,"column":2},"end":{"line":23,"column":25}},"16":{"start":{"line":24,"column":2},"end":{"line":24,"column":43}},"17":{"start":{"line":25,"column":2},"end":{"line":25,"column":29}},"18":{"start":{"line":27,"column":2},"end":{"line":29,"column":5}},"19":{"start":{"line":28,"column":4},"end":{"line":28,"column":105}},"20":{"start":{"line":31,"column":2},"end":{"line":33,"column":5}},"21":{"start":{"line":32,"column":4},"end":{"line":32,"column":46}},"22":{"start":{"line":35,"column":2},"end":{"line":35,"column":28}},"23":{"start":{"line":36,"column":2},"end":{"line":36,"column":26}},"24":{"start":{"line":39,"column":2},"end":{"line":39,"column":34}},"25":{"start":{"line":40,"column":2},"end":{"line":40,"column":39}},"26":{"start":{"line":43,"column":2},"end":{"line":43,"column":31}},"27":{"start":{"line":44,"column":2},"end":{"line":44,"column":36}},"28":{"start":{"line":46,"column":2},"end":{"line":46,"column":24}},"29":{"start":{"line":47,"column":2},"end":{"line":47,"column":13}}},"fnMap":{"0":{"name":"createApp","decl":{"start":{"line":13,"column":16},"end":{"line":13,"column":25}},"loc":{"start":{"line":13,"column":25},"end":{"line":48,"column":1}}},"1":{"name":"(anonymous_2)","decl":{"start":{"line":27,"column":21},"end":{"line":27,"column":22}},"loc":{"start":{"line":27,"column":35},"end":{"line":29,"column":3}}},"2":{"name":"(anonymous_3)","decl":{"start":{"line":31,"column":22},"end":{"line":31,"column":23}},"loc":{"start":{"line":31,"column":41},"end":{"line":33,"column":3}}}},"branchMap":{},"s":{"0":4,"1":4,"2":4,"3":4,"4":4,"5":4,"6":4,"7":4,"8":4,"9":4,"10":4,"11":4,"12":10,"13":10,"14":10,"15":10,"16":10,"17":10,"18":10,"19":1,"20":10,"21":1,"22":10,"23":10,"24":10,"25":10,"26":10,"27":10,"28":10,"29":10},"f":{"0":10,"1":1,"2":1},"b":{}}
,"/Users/new/Documents/projects/codematic/node/segment-to-context-service/backend/src/config/database.ts": {"path":"/Users/new/Documents/projects/codematic/node/segment-to-context-service/backend/src/config/database.ts","statementMap":{"0":{"start":{"line":63,"column":0},"end":{"line":63,"column":7}},"1":{"start":{"line":73,"column":0},"end":{"line":73,"column":7}},"2":{"start":{"line":1,"column":0},"end":{"line":1,"column":43}},"3":{"start":{"line":2,"column":0},"end":{"line":2,"column":28}},"4":{"start":{"line":3,"column":0},"end":{"line":3,"column":41}},"5":{"start":{"line":5,"column":13},"end":{"line":14,"column":3}},"6":{"start":{"line":16,"column":18},"end":{"line":61,"column":2}},"7":{"start":{"line":64,"column":2},"end":{"line":70,"column":3}},"8":{"start":{"line":65,"column":4},"end":{"line":65,"column":32}},"9":{"start":{"line":66,"column":4},"end":{"line":66,"column":43}},"10":{"start":{"line":68,"column":4},"end":{"line":68,"column":65}},"11":{"start":{"line":69,"column":4},"end":{"line":69,"column":12}},"12":{"start":{"line":74,"column":17},"end":{"line":74,"column":37}},"13":{"start":{"line":75,"column":2},"end":{"line":85,"column":3}},"14":{"start":{"line":76,"column":4},"end":{"line":76,"column":32}},"15":{"start":{"line":77,"column":16},"end":{"line":77,"column":32}},"16":{"start":{"line":78,"column":4},"end":{"line":78,"column":33}},"17":{"start":{"line":79,"column":4},"end":{"line":79,"column":15}},"18":{"start":{"line":81,"column":4},"end":{"line":81,"column":35}},"19":{"start":{"line":82,"column":4},"end":{"line":82,"column":12}},"20":{"start":{"line":84,"column":4},"end":{"line":84,"column":21}}},"fnMap":{"0":{"name":"initializeDatabase","decl":{"start":{"line":63,"column":22},"end":{"line":63,"column":40}},"loc":{"start":{"line":63,"column":40},"end":{"line":71,"column":1}}},"1":{"name":"withTransaction","decl":{"start":{"line":73,"column":22},"end":{"line":73,"column":37}},"loc":{"start":{"line":73,"column":79},"end":{"line":86,"column":1}}}},"branchMap":{},"s":{"0":9,"1":9,"2":9,"3":9,"4":9,"5":9,"6":9,"7":0,"8":0,"9":0,"10":0,"11":0,"12":0,"13":0,"14":0,"15":0,"16":0,"17":0,"18":0,"19":0,"20":0},"f":{"0":0,"1":0},"b":{}}
,"/Users/new/Documents/projects/codematic/node/segment-to-context-service/backend/src/config/env.ts": {"path":"/Users/new/Documents/projects/codematic/node/segment-to-context-service/backend/src/config/env.ts","statementMap":{"0":{"start":{"line":1,"column":0},"end":{"line":1,"column":28}},"1":{"start":{"line":3,"column":0},"end":{"line":3,"column":16}},"2":{"start":{"line":5,"column":12},"end":{"line":8,"column":1}},"3":{"start":{"line":6,"column":12},"end":{"line":6,"column":41}},"4":{"start":{"line":7,"column":2},"end":{"line":7,"column":43}},"5":{"start":{"line":10,"column":13},"end":{"line":57,"column":2}}},"fnMap":{"0":{"name":"(anonymous_1)","decl":{"start":{"line":5,"column":12},"end":{"line":5,"column":13}},"loc":{"start":{"line":5,"column":56},"end":{"line":8,"column":1}}}},"branchMap":{"0":{"loc":{"start":{"line":6,"column":28},"end":{"line":6,"column":35}},"type":"binary-expr","locations":[{"start":{"line":6,"column":28},"end":{"line":6,"column":29}},{"start":{"line":6,"column":33},"end":{"line":6,"column":35}}]},"1":{"loc":{"start":{"line":7,"column":9},"end":{"line":7,"column":42}},"type":"cond-expr","locations":[{"start":{"line":7,"column":30},"end":{"line":7,"column":31}},{"start":{"line":7,"column":34},"end":{"line":7,"column":42}}]},"2":{"loc":{"start":{"line":11,"column":11},"end":{"line":11,"column":48}},"type":"binary-expr","locations":[{"start":{"line":11,"column":11},"end":{"line":11,"column":31}},{"start":{"line":11,"column":35},"end":{"line":11,"column":48}}]},"3":{"loc":{"start":{"line":13,"column":12},"end":{"line":13,"column":43}},"type":"binary-expr","locations":[{"start":{"line":13,"column":12},"end":{"line":13,"column":33}},{"start":{"line":13,"column":37},"end":{"line":13,"column":43}}]},"4":{"loc":{"start":{"line":16,"column":10},"end":{"line":16,"column":44}},"type":"binary-expr","locations":[{"start":{"line":16,"column":10},"end":{"line":16,"column":29}},{"start":{"line":16,"column":33},"end":{"line":16,"column":44}}]},"5":{"loc":{"start":{"line":18,"column":10},"end":{"line":18,"column":50}},"type":"binary-expr","locations":[{"start":{"line":18,"column":10},"end":{"line":18,"column":29}},{"start":{"line":18,"column":33},"end":{"line":18,"column":50}}]},"6":{"loc":{"start":{"line":19,"column":10},"end":{"line":19,"column":43}},"type":"binary-expr","locations":[{"start":{"line":19,"column":10},"end":{"line":19,"column":29}},{"start":{"line":19,"column":33},"end":{"line":19,"column":43}}]},"7":{"loc":{"start":{"line":20,"column":14},"end":{"line":20,"column":51}},"type":"binary-expr","locations":[{"start":{"line":20,"column":14},"end":{"line":20,"column":37}},{"start":{"line":20,"column":41},"end":{"line":20,"column":51}}]},"8":{"loc":{"start":{"line":25,"column":10},"end":{"line":25,"column":47}},"type":"binary-expr","locations":[{"start":{"line":25,"column":10},"end":{"line":25,"column":32}},{"start":{"line":25,"column":36},"end":{"line":25,"column":47}}]},"9":{"loc":{"start":{"line":27,"column":14},"end":{"line":27,"column":53}},"type":"binary-expr","locations":[{"start":{"line":27,"column":14},"end":{"line":27,"column":40}},{"start":{"line":27,"column":44},"end":{"line":27,"column":53}}]},"10":{"loc":{"start":{"line":31,"column":15},"end":{"line":31,"column":59}},"type":"binary-expr","locations":[{"start":{"line":31,"column":15},"end":{"line":31,"column":41}},{"start":{"line":31,"column":45},"end":{"line":31,"column":59}}]},"11":{"loc":{"start":{"line":32,"column":13},"end":{"line":32,"column":50}},"type":"binary-expr","locations":[{"start":{"line":32,"column":13},"end":{"line":32,"column":37}},{"start":{"line":32,"column":41},"end":{"line":32,"column":50}}]},"12":{"loc":{"start":{"line":33,"column":12},"end":{"line":33,"column":51}},"type":"binary-expr","locations":[{"start":{"line":33,"column":12},"end":{"line":33,"column":34}},{"start":{"line":33,"column":38},"end":{"line":33,"column":51}}]},"13":{"loc":{"start":{"line":34,"column":17},"end":{"line":34,"column":58}},"type":"binary-expr","locations":[{"start":{"line":34,"column":17},"end":{"line":34,"column":41}},{"start":{"line":34,"column":45},"end":{"line":34,"column":58}}]},"14":{"loc":{"start":{"line":35,"column":24},"end":{"line":35,"column":76}},"type":"binary-expr","locations":[{"start":{"line":35,"column":24},"end":{"line":35,"column":55}},{"start":{"line":35,"column":59},"end":{"line":35,"column":76}}]},"15":{"loc":{"start":{"line":36,"column":24},"end":{"line":36,"column":69}},"type":"binary-expr","locations":[{"start":{"line":36,"column":24},"end":{"line":36,"column":56}},{"start":{"line":36,"column":60},"end":{"line":36,"column":69}}]},"16":{"loc":{"start":{"line":37,"column":20},"end":{"line":37,"column":64}},"type":"binary-expr","locations":[{"start":{"line":37,"column":20},"end":{"line":37,"column":47}},{"start":{"line":37,"column":51},"end":{"line":37,"column":64}}]},"17":{"loc":{"start":{"line":38,"column":17},"end":{"line":38,"column":67}},"type":"binary-expr","locations":[{"start":{"line":38,"column":17},"end":{"line":38,"column":41}},{"start":{"line":38,"column":45},"end":{"line":38,"column":67}}]},"18":{"loc":{"start":{"line":52,"column":19},"end":{"line":52,"column":64}},"type":"binary-expr","locations":[{"start":{"line":52,"column":19},"end":{"line":52,"column":48}},{"start":{"line":52,"column":52},"end":{"line":52,"column":64}}]},"19":{"loc":{"start":{"line":55,"column":19},"end":{"line":55,"column":60}},"type":"binary-expr","locations":[{"start":{"line":55,"column":19},"end":{"line":55,"column":47}},{"start":{"line":55,"column":51},"end":{"line":55,"column":60}}]},"20":{"loc":{"start":{"line":56,"column":15},"end":{"line":56,"column":66}},"type":"binary-expr","locations":[{"start":{"line":56,"column":15},"end":{"line":56,"column":39}},{"start":{"line":56,"column":43},"end":{"line":56,"column":66}}]}},"s":{"0":19,"1":19,"2":19,"3":171,"4":171,"5":19},"f":{"0":171},"b":{"0":[171,133],"1":[38,133],"2":[19,0],"3":[19,19],"4":[19,0],"5":[19,0],"6":[19,0],"7":[19,0],"8":[19,0],"9":[19,19],"10":[19,19],"11":[19,19],"12":[19,19],"13":[19,19],"14":[19,19],"15":[19,19],"16":[19,19],"17":[19,19],"18":[19,0],"19":[19,19],"20":[19,19]}}
,"/Users/new/Documents/projects/codematic/node/segment-to-context-service/backend/src/config/redis.ts": {"path":"/Users/new/Documents/projects/codematic/node/segment-to-context-service/backend/src/config/redis.ts","statementMap":{"0":{"start":{"line":7,"column":0},"end":{"line":7,"column":7}},"1":{"start":{"line":18,"column":0},"end":{"line":18,"column":7}},"2":{"start":{"line":1,"column":0},"end":{"line":1,"column":59}},"3":{"start":{"line":2,"column":0},"end":{"line":2,"column":28}},"4":{"start":{"line":3,"column":0},"end":{"line":3,"column":41}},"5":{"start":{"line":5,"column":37},"end":{"line":5,"column":41}},"6":{"start":{"line":8,"column":2},"end":{"line":8,"column":45}},"7":{"start":{"line":8,"column":31},"end":{"line":8,"column":45}},"8":{"start":{"line":9,"column":2},"end":{"line":12,"column":5}},"9":{"start":{"line":13,"column":2},"end":{"line":13,"column":68}},"10":{"start":{"line":13,"column":30},"end":{"line":13,"column":66}},"11":{"start":{"line":14,"column":2},"end":{"line":14,"column":25}},"12":{"start":{"line":15,"column":2},"end":{"line":15,"column":16}},"13":{"start":{"line":19,"column":2},"end":{"line":21,"column":3}},"14":{"start":{"line":20,"column":4},"end":{"line":20,"column":24}},"15":{"start":{"line":22,"column":2},"end":{"line":22,"column":16}}},"fnMap":{"0":{"name":"getRedis","decl":{"start":{"line":7,"column":22},"end":{"line":7,"column":30}},"loc":{"start":{"line":7,"column":30},"end":{"line":16,"column":1}}},"1":{"name":"(anonymous_1)","decl":{"start":{"line":13,"column":21},"end":{"line":13,"column":22}},"loc":{"start":{"line":13,"column":30},"end":{"line":13,"column":66}}},"2":{"name":"closeRedis","decl":{"start":{"line":18,"column":22},"end":{"line":18,"column":32}},"loc":{"start":{"line":18,"column":32},"end":{"line":23,"column":1}}}},"branchMap":{"0":{"loc":{"start":{"line":8,"column":2},"end":{"line":8,"column":45}},"type":"if","locations":[{"start":{"line":8,"column":2},"end":{"line":8,"column":45}}]},"1":{"loc":{"start":{"line":8,"column":6},"end":{"line":8,"column":29}},"type":"binary-expr","locations":[{"start":{"line":8,"column":6},"end":{"line":8,"column":12}},{"start":{"line":8,"column":16},"end":{"line":8,"column":29}}]},"2":{"loc":{"start":{"line":19,"column":2},"end":{"line":21,"column":3}},"type":"if","locations":[{"start":{"line":19,"column":2},"end":{"line":21,"column":3}}]}},"s":{"0":10,"1":10,"2":10,"3":10,"4":10,"5":10,"6":4,"7":2,"8":2,"9":2,"10":65,"11":2,"12":1,"13":1,"14":1,"15":1},"f":{"0":4,"1":65,"2":1},"b":{"0":[2],"1":[4,2],"2":[1]}}
,"/Users/new/Documents/projects/codematic/node/segment-to-context-service/backend/src/middleware/errorHandler.ts": {"path":"/Users/new/Documents/projects/codematic/node/segment-to-context-service/backend/src/middleware/errorHandler.ts","statementMap":{"0":{"start":{"line":4,"column":0},"end":{"line":4,"column":16}},"1":{"start":{"line":2,"column":0},"end":{"line":2,"column":41}},"2":{"start":{"line":5,"column":12},"end":{"line":5,"column":63}},"3":{"start":{"line":6,"column":2},"end":{"line":6,"column":90}},"4":{"start":{"line":8,"column":16},"end":{"line":8,"column":48}},"5":{"start":{"line":9,"column":2},"end":{"line":12,"column":3}},"6":{"start":{"line":10,"column":4},"end":{"line":10,"column":47}},"7":{"start":{"line":11,"column":4},"end":{"line":11,"column":11}},"8":{"start":{"line":14,"column":2},"end":{"line":14,"column":59}}},"fnMap":{"0":{"name":"errorHandler","decl":{"start":{"line":4,"column":16},"end":{"line":4,"column":28}},"loc":{"start":{"line":4,"column":91},"end":{"line":15,"column":1}}}},"branchMap":{"0":{"loc":{"start":{"line":5,"column":12},"end":{"line":5,"column":63}},"type":"cond-expr","locations":[{"start":{"line":5,"column":35},"end":{"line":5,"column":38}},{"start":{"line":5,"column":41},"end":{"line":5,"column":63}}]},"1":{"loc":{"start":{"line":9,"column":2},"end":{"line":12,"column":3}},"type":"if","locations":[{"start":{"line":9,"column":2},"end":{"line":12,"column":3}}]}},"s":{"0":5,"1":5,"2":3,"3":3,"4":3,"5":3,"6":1,"7":1,"8":2},"f":{"0":3},"b":{"0":[3,0],"1":[1]}}
,"/Users/new/Documents/projects/codematic/node/segment-to-context-service/backend/src/middleware/metrics.ts": {"path":"/Users/new/Documents/projects/codematic/node/segment-to-context-service/backend/src/middleware/metrics.ts","statementMap":{"0":{"start":{"line":15,"column":0},"end":{"line":15,"column":16}},"1":{"start":{"line":27,"column":0},"end":{"line":27,"column":7}},"2":{"start":{"line":2,"column":0},"end":{"line":2,"column":33}},"3":{"start":{"line":4,"column":73},"end":{"line":4,"column":77}},"4":{"start":{"line":6,"column":0},"end":{"line":13,"column":1}},"5":{"start":{"line":7,"column":2},"end":{"line":7,"column":33}},"6":{"start":{"line":8,"column":2},"end":{"line":12,"column":5}},"7":{"start":{"line":16,"column":2},"end":{"line":19,"column":3}},"8":{"start":{"line":17,"column":4},"end":{"line":17,"column":11}},"9":{"start":{"line":18,"column":4},"end":{"line":18,"column":11}},"10":{"start":{"line":20,"column":2},"end":{"line":23,"column":5}},"11":{"start":{"line":21,"column":19},"end":{"line":21,"column":69}},"12":{"start":{"line":22,"column":4},"end":{"line":22,"column":85}},"13":{"start":{"line":24,"column":2},"end":{"line":24,"column":9}},"14":{"start":{"line":28,"column":2},"end":{"line":31,"column":3}},"15":{"start":{"line":29,"column":4},"end":{"line":29,"column":36}},"16":{"start":{"line":30,"column":4},"end":{"line":30,"column":11}},"17":{"start":{"line":32,"column":2},"end":{"line":32,"column":61}},"18":{"start":{"line":33,"column":2},"end":{"line":33,"column":43}}},"fnMap":{"0":{"name":"metricsMiddleware","decl":{"start":{"line":15,"column":16},"end":{"line":15,"column":33}},"loc":{"start":{"line":15,"column":81},"end":{"line":25,"column":1}}},"1":{"name":"(anonymous_2)","decl":{"start":{"line":20,"column":19},"end":{"line":20,"column":22}},"loc":{"start":{"line":20,"column":24},"end":{"line":23,"column":3}}},"2":{"name":"metricsHandler","decl":{"start":{"line":27,"column":22},"end":{"line":27,"column":36}},"loc":{"start":{"line":27,"column":65},"end":{"line":34,"column":1}}}},"branchMap":{"0":{"loc":{"start":{"line":6,"column":0},"end":{"line":13,"column":1}},"type":"if","locations":[{"start":{"line":6,"column":0},"end":{"line":13,"column":1}}]},"1":{"loc":{"start":{"line":16,"column":2},"end":{"line":19,"column":3}},"type":"if","locations":[{"start":{"line":16,"column":2},"end":{"line":19,"column":3}}]},"2":{"loc":{"start":{"line":21,"column":19},"end":{"line":21,"column":69}},"type":"binary-expr","locations":[{"start":{"line":21,"column":19},"end":{"line":21,"column":57}},{"start":{"line":21,"column":61},"end":{"line":21,"column":69}}]},"3":{"loc":{"start":{"line":28,"column":2},"end":{"line":31,"column":3}},"type":"if","locations":[{"start":{"line":28,"column":2},"end":{"line":31,"column":3}}]}},"s":{"0":4,"1":4,"2":4,"3":4,"4":4,"5":0,"6":0,"7":10,"8":10,"9":10,"10":0,"11":0,"12":0,"13":0,"14":1,"15":1,"16":1,"17":0,"18":0},"f":{"0":10,"1":0,"2":1},"b":{"0":[0],"1":[10],"2":[0,0],"3":[1]}}
,"/Users/new/Documents/projects/codematic/node/segment-to-context-service/backend/src/middleware/rateLimit.ts": {"path":"/Users/new/Documents/projects/codematic/node/segment-to-context-service/backend/src/middleware/rateLimit.ts","statementMap":{"0":{"start":{"line":1,"column":0},"end":{"line":1,"column":43}},"1":{"start":{"line":2,"column":0},"end":{"line":2,"column":36}},"2":{"start":{"line":4,"column":13},"end":{"line":10,"column":3}},"3":{"start":{"line":9,"column":25},"end":{"line":9,"column":65}}},"fnMap":{"0":{"name":"(anonymous_1)","decl":{"start":{"line":9,"column":16},"end":{"line":9,"column":17}},"loc":{"start":{"line":9,"column":25},"end":{"line":9,"column":65}}}},"branchMap":{"0":{"loc":{"start":{"line":9,"column":28},"end":{"line":9,"column":53}},"type":"binary-expr","locations":[{"start":{"line":9,"column":28},"end":{"line":9,"column":40}},{"start":{"line":9,"column":44},"end":{"line":9,"column":53}}]}},"s":{"0":4,"1":4,"2":4,"3":8},"f":{"0":8},"b":{"0":[8,0]}}
,"/Users/new/Documents/projects/codematic/node/segment-to-context-service/backend/src/middleware/tenant.ts": {"path":"/Users/new/Documents/projects/codematic/node/segment-to-context-service/backend/src/middleware/tenant.ts","statementMap":{"0":{"start":{"line":4,"column":0},"end":{"line":4,"column":16}},"1":{"start":{"line":2,"column":0},"end":{"line":2,"column":36}},"2":{"start":{"line":5,"column":23},"end":{"line":5,"column":56}},"3":{"start":{"line":6,"column":22},"end":{"line":6,"column":102}},"4":{"start":{"line":7,"column":19},"end":{"line":7,"column":46}},"5":{"start":{"line":9,"column":2},"end":{"line":13,"column":3}},"6":{"start":{"line":10,"column":4},"end":{"line":10,"column":28}},"7":{"start":{"line":11,"column":4},"end":{"line":11,"column":11}},"8":{"start":{"line":12,"column":4},"end":{"line":12,"column":11}},"9":{"start":{"line":15,"column":2},"end":{"line":19,"column":3}},"10":{"start":{"line":16,"column":4},"end":{"line":16,"column":39}},"11":{"start":{"line":17,"column":4},"end":{"line":17,"column":11}},"12":{"start":{"line":18,"column":4},"end":{"line":18,"column":11}},"13":{"start":{"line":21,"column":2},"end":{"line":21,"column":106}}},"fnMap":{"0":{"name":"tenantMiddleware","decl":{"start":{"line":4,"column":16},"end":{"line":4,"column":32}},"loc":{"start":{"line":4,"column":80},"end":{"line":22,"column":1}}}},"branchMap":{"0":{"loc":{"start":{"line":6,"column":22},"end":{"line":6,"column":102}},"type":"cond-expr","locations":[{"start":{"line":6,"column":64},"end":{"line":6,"column":90}},{"start":{"line":6,"column":93},"end":{"line":6,"column":102}}]},"1":{"loc":{"start":{"line":7,"column":19},"end":{"line":7,"column":46}},"type":"binary-expr","locations":[{"start":{"line":7,"column":19},"end":{"line":7,"column":31}},{"start":{"line":7,"column":35},"end":{"line":7,"column":46}}]},"2":{"loc":{"start":{"line":9,"column":2},"end":{"line":13,"column":3}},"type":"if","locations":[{"start":{"line":9,"column":2},"end":{"line":13,"column":3}}]},"3":{"loc":{"start":{"line":15,"column":2},"end":{"line":19,"column":3}},"type":"if","locations":[{"start":{"line":15,"column":2},"end":{"line":19,"column":3}}]}},"s":{"0":5,"1":5,"2":9,"3":9,"4":9,"5":9,"6":8,"7":8,"8":8,"9":1,"10":1,"11":1,"12":1,"13":0},"f":{"0":9},"b":{"0":[0,9],"1":[9,1],"2":[8],"3":[1]}}
,"/Users/new/Documents/projects/codematic/node/segment-to-context-service/backend/src/repositories/eventRepository.ts": {"path":"/Users/new/Documents/projects/codematic/node/segment-to-context-service/backend/src/repositories/eventRepository.ts","statementMap":{"0":{"start":{"line":12,"column":0},"end":{"line":12,"column":7}},"1":{"start":{"line":60,"column":0},"end":{"line":60,"column":7}},"2":{"start":{"line":75,"column":0},"end":{"line":75,"column":7}},"3":{"start":{"line":2,"column":0},"end":{"line":2,"column":42}},"4":{"start":{"line":24,"column":14},"end":{"line":37,"column":null}},"5":{"start":{"line":40,"column":2},"end":{"line":42,"column":3}},"6":{"start":{"line":41,"column":4},"end":{"line":41,"column":53}},"7":{"start":{"line":44,"column":14},"end":{"line":46,"column":null}},"8":{"start":{"line":48,"column":14},"end":{"line":48,"column":25}},"9":{"start":{"line":49,"column":2},"end":{"line":51,"column":3}},"10":{"start":{"line":50,"column":4},"end":{"line":50,"column":44}},"11":{"start":{"line":52,"column":2},"end":{"line":56,"column":3}},"12":{"start":{"line":53,"column":16},"end":{"line":53,"column":77}},"13":{"start":{"line":54,"column":5},"end":{"line":54,"column":60}},"14":{"start":{"line":55,"column":4},"end":{"line":55,"column":14}},"15":{"start":{"line":57,"column":2},"end":{"line":57,"column":44}},"16":{"start":{"line":61,"column":14},"end":{"line":67,"column":null}},"17":{"start":{"line":69,"column":2},"end":{"line":72,"column":6}},"18":{"start":{"line":69,"column":42},"end":{"line":72,"column":4}},"19":{"start":{"line":76,"column":14},"end":{"line":78,"column":null}},"20":{"start":{"line":80,"column":2},"end":{"line":80,"column":37}}},"fnMap":{"0":{"name":"insertEvent","decl":{"start":{"line":12,"column":22},"end":{"line":12,"column":33}},"loc":{"start":{"line":22,"column":3},"end":{"line":58,"column":1}}},"1":{"name":"listUserEvents","decl":{"start":{"line":60,"column":22},"end":{"line":60,"column":36}},"loc":{"start":{"line":60,"column":81},"end":{"line":73,"column":1}}},"2":{"name":"(anonymous_2)","decl":{"start":{"line":69,"column":22},"end":{"line":69,"column":23}},"loc":{"start":{"line":69,"column":42},"end":{"line":72,"column":4}}},"3":{"name":"countUserEvents","decl":{"start":{"line":75,"column":22},"end":{"line":75,"column":37}},"loc":{"start":{"line":75,"column":70},"end":{"line":81,"column":1}}}},"branchMap":{"0":{"loc":{"start":{"line":35,"column":21},"end":{"line":35,"column":43}},"type":"binary-expr","locations":[{"start":{"line":35,"column":21},"end":{"line":35,"column":37}},{"start":{"line":35,"column":41},"end":{"line":35,"column":43}}]},"1":{"loc":{"start":{"line":36,"column":6},"end":{"line":36,"column":29}},"type":"binary-expr","locations":[{"start":{"line":36,"column":6},"end":{"line":36,"column":21}},{"start":{"line":36,"column":25},"end":{"line":36,"column":29}}]},"2":{"loc":{"start":{"line":40,"column":2},"end":{"line":42,"column":3}},"type":"if","locations":[{"start":{"line":40,"column":2},"end":{"line":42,"column":3}}]},"3":{"loc":{"start":{"line":49,"column":2},"end":{"line":51,"column":3}},"type":"if","locations":[{"start":{"line":49,"column":2},"end":{"line":51,"column":3}}]},"4":{"loc":{"start":{"line":52,"column":2},"end":{"line":56,"column":3}},"type":"if","locations":[{"start":{"line":52,"column":2},"end":{"line":56,"column":3}}]},"5":{"loc":{"start":{"line":60,"column":71},"end":{"line":60,"column":81}},"type":"default-arg","locations":[{"start":{"line":60,"column":79},"end":{"line":60,"column":81}}]},"6":{"loc":{"start":{"line":71,"column":17},"end":{"line":71,"column":63}},"type":"binary-expr","locations":[{"start":{"line":71,"column":17},"end":{"line":71,"column":57}},{"start":{"line":71,"column":61},"end":{"line":71,"column":63}}]},"7":{"loc":{"start":{"line":80,"column":16},"end":{"line":80,"column":35}},"type":"binary-expr","locations":[{"start":{"line":80,"column":16},"end":{"line":80,"column":30}},{"start":{"line":80,"column":34},"end":{"line":80,"column":35}}]}},"s":{"0":9,"1":9,"2":9,"3":9,"4":3,"5":3,"6":1,"7":2,"8":2,"9":2,"10":0,"11":2,"12":1,"13":1,"14":1,"15":1,"16":1,"17":1,"18":1,"19":1,"20":1},"f":{"0":3,"1":1,"2":1,"3":1},"b":{"0":[3,0],"1":[3,3],"2":[1],"3":[0],"4":[1],"5":[0],"6":[1,0],"7":[1,0]}}
,"/Users/new/Documents/projects/codematic/node/segment-to-context-service/backend/src/repositories/userContextRepository.ts": {"path":"/Users/new/Documents/projects/codematic/node/segment-to-context-service/backend/src/repositories/userContextRepository.ts","statementMap":{"0":{"start":{"line":15,"column":0},"end":{"line":15,"column":7}},"1":{"start":{"line":34,"column":0},"end":{"line":34,"column":7}},"2":{"start":{"line":1,"column":0},"end":{"line":1,"column":42}},"3":{"start":{"line":20,"column":2},"end":{"line":31,"column":4}},"4":{"start":{"line":38,"column":14},"end":{"line":40,"column":null}},"5":{"start":{"line":42,"column":14},"end":{"line":42,"column":25}},"6":{"start":{"line":43,"column":2},"end":{"line":43,"column":24}},"7":{"start":{"line":43,"column":12},"end":{"line":43,"column":24}},"8":{"start":{"line":44,"column":2},"end":{"line":44,"column":26}}},"fnMap":{"0":{"name":"upsertUserContext","decl":{"start":{"line":15,"column":22},"end":{"line":15,"column":39}},"loc":{"start":{"line":18,"column":28},"end":{"line":32,"column":1}}},"1":{"name":"getLatestUserContext","decl":{"start":{"line":34,"column":22},"end":{"line":34,"column":42}},"loc":{"start":{"line":36,"column":16},"end":{"line":45,"column":1}}}},"branchMap":{"0":{"loc":{"start":{"line":43,"column":2},"end":{"line":43,"column":24}},"type":"if","locations":[{"start":{"line":43,"column":2},"end":{"line":43,"column":24}}]}},"s":{"0":8,"1":8,"2":8,"3":1,"4":1,"5":1,"6":1,"7":0,"8":1},"f":{"0":1,"1":1},"b":{"0":[0]}}
,"/Users/new/Documents/projects/codematic/node/segment-to-context-service/backend/src/routes/eventRoutes.ts": {"path":"/Users/new/Documents/projects/codematic/node/segment-to-context-service/backend/src/routes/eventRoutes.ts","statementMap":{"0":{"start":{"line":1,"column":0},"end":{"line":1,"column":33}},"1":{"start":{"line":2,"column":0},"end":{"line":2,"column":36}},"2":{"start":{"line":3,"column":0},"end":{"line":3,"column":56}},"3":{"start":{"line":4,"column":0},"end":{"line":4,"column":41}},"4":{"start":{"line":5,"column":0},"end":{"line":5,"column":70}},"5":{"start":{"line":6,"column":0},"end":{"line":6,"column":43}},"6":{"start":{"line":8,"column":13},"end":{"line":8,"column":36}},"7":{"start":{"line":10,"column":0},"end":{"line":44,"column":3}},"8":{"start":{"line":11,"column":18},"end":{"line":11,"column":28}},"9":{"start":{"line":12,"column":2},"end":{"line":43,"column":3}},"10":{"start":{"line":13,"column":19},"end":{"line":13,"column":56}},"11":{"start":{"line":14,"column":4},"end":{"line":17,"column":5}},"12":{"start":{"line":15,"column":6},"end":{"line":15,"column":89}},"13":{"start":{"line":16,"column":6},"end":{"line":16,"column":13}},"14":{"start":{"line":19,"column":21},"end":{"line":19,"column":34}},"15":{"start":{"line":20,"column":15},"end":{"line":20,"column":33}},"16":{"start":{"line":21,"column":4},"end":{"line":23,"column":5}},"17":{"start":{"line":22,"column":6},"end":{"line":22,"column":31}},"18":{"start":{"line":25,"column":16},"end":{"line":25,"column":42}},"19":{"start":{"line":26,"column":19},"end":{"line":26,"column":46}},"20":{"start":{"line":28,"column":4},"end":{"line":33,"column":7}},"21":{"start":{"line":35,"column":4},"end":{"line":40,"column":7}},"22":{"start":{"line":42,"column":4},"end":{"line":42,"column":12}},"23":{"start":{"line":46,"column":0},"end":{"line":81,"column":3}},"24":{"start":{"line":47,"column":18},"end":{"line":47,"column":28}},"25":{"start":{"line":48,"column":2},"end":{"line":80,"column":3}},"26":{"start":{"line":49,"column":19},"end":{"line":49,"column":50}},"27":{"start":{"line":50,"column":4},"end":{"line":53,"column":5}},"28":{"start":{"line":51,"column":6},"end":{"line":51,"column":89}},"29":{"start":{"line":52,"column":6},"end":{"line":52,"column":13}},"30":{"start":{"line":55,"column":21},"end":{"line":55,"column":34}},"31":{"start":{"line":56,"column":16},"end":{"line":56,"column":42}},"32":{"start":{"line":57,"column":22},"end":{"line":57,"column":24}},"33":{"start":{"line":58,"column":65},"end":{"line":58,"column":67}},"34":{"start":{"line":60,"column":4},"end":{"line":70,"column":5}},"35":{"start":{"line":60,"column":17},"end":{"line":60,"column":18}},"36":{"start":{"line":61,"column":20},"end":{"line":61,"column":62}},"37":{"start":{"line":62,"column":23},"end":{"line":67,"column":null}},"38":{"start":{"line":64,"column":18},"end":{"line":64,"column":27}},"39":{"start":{"line":65,"column":10},"end":{"line":65,"column":49}},"40":{"start":{"line":65,"column":27},"end":{"line":65,"column":49}},"41":{"start":{"line":66,"column":10},"end":{"line":66,"column":36}},"42":{"start":{"line":69,"column":6},"end":{"line":69,"column":67}},"43":{"start":{"line":69,"column":43},"end":{"line":69,"column":63}},"44":{"start":{"line":72,"column":4},"end":{"line":77,"column":7}},"45":{"start":{"line":74,"column":38},"end":{"line":74,"column":61}},"46":{"start":{"line":75,"column":40},"end":{"line":75,"column":64}},"47":{"start":{"line":79,"column":4},"end":{"line":79,"column":12}},"48":{"start":{"line":83,"column":0},"end":{"line":114,"column":3}},"49":{"start":{"line":84,"column":19},"end":{"line":84,"column":32}},"50":{"start":{"line":86,"column":2},"end":{"line":90,"column":5}},"51":{"start":{"line":92,"column":16},"end":{"line":92,"column":32}},"52":{"start":{"line":93,"column":21},"end":{"line":93,"column":38}},"53":{"start":{"line":94,"column":2},"end":{"line":94,"column":29}},"54":{"start":{"line":95,"column":2},"end":{"line":104,"column":5}},"55":{"start":{"line":96,"column":4},"end":{"line":103,"column":5}},"56":{"start":{"line":97,"column":20},"end":{"line":97,"column":65}},"57":{"start":{"line":98,"column":6},"end":{"line":100,"column":7}},"58":{"start":{"line":99,"column":8},"end":{"line":99,"column":42}},"59":{"start":{"line":106,"column":20},"end":{"line":108,"column":12}},"60":{"start":{"line":107,"column":4},"end":{"line":107,"column":33}},"61":{"start":{"line":110,"column":2},"end":{"line":113,"column":5}},"62":{"start":{"line":111,"column":4},"end":{"line":111,"column":29}},"63":{"start":{"line":112,"column":4},"end":{"line":112,"column":107}},"64":{"start":{"line":112,"column":65},"end":{"line":112,"column":105}},"65":{"start":{"line":112,"column":95},"end":{"line":112,"column":104}}},"fnMap":{"0":{"name":"(anonymous_0)","decl":{"start":{"line":10,"column":28},"end":{"line":10,"column":33}},"loc":{"start":{"line":10,"column":53},"end":{"line":44,"column":1}}},"1":{"name":"(anonymous_1)","decl":{"start":{"line":46,"column":34},"end":{"line":46,"column":39}},"loc":{"start":{"line":46,"column":59},"end":{"line":81,"column":1}}},"2":{"name":"(anonymous_2)","decl":{"start":{"line":63,"column":18},"end":{"line":63,"column":23}},"loc":{"start":{"line":63,"column":31},"end":{"line":67,"column":9}}},"3":{"name":"(anonymous_3)","decl":{"start":{"line":69,"column":35},"end":{"line":69,"column":36}},"loc":{"start":{"line":69,"column":43},"end":{"line":69,"column":63}}},"4":{"name":"(anonymous_4)","decl":{"start":{"line":74,"column":31},"end":{"line":74,"column":32}},"loc":{"start":{"line":74,"column":38},"end":{"line":74,"column":61}}},"5":{"name":"(anonymous_5)","decl":{"start":{"line":75,"column":33},"end":{"line":75,"column":34}},"loc":{"start":{"line":75,"column":40},"end":{"line":75,"column":64}}},"6":{"name":"(anonymous_6)","decl":{"start":{"line":83,"column":34},"end":{"line":83,"column":39}},"loc":{"start":{"line":83,"column":53},"end":{"line":114,"column":1}}},"7":{"name":"(anonymous_7)","decl":{"start":{"line":95,"column":48},"end":{"line":95,"column":49}},"loc":{"start":{"line":95,"column":60},"end":{"line":104,"column":3}}},"8":{"name":"(anonymous_8)","decl":{"start":{"line":106,"column":32},"end":{"line":106,"column":35}},"loc":{"start":{"line":106,"column":37},"end":{"line":108,"column":3}}},"9":{"name":"(anonymous_9)","decl":{"start":{"line":110,"column":18},"end":{"line":110,"column":21}},"loc":{"start":{"line":110,"column":23},"end":{"line":113,"column":3}}},"10":{"name":"(anonymous_10)","decl":{"start":{"line":112,"column":59},"end":{"line":112,"column":62}},"loc":{"start":{"line":112,"column":65},"end":{"line":112,"column":105}}},"11":{"name":"(anonymous_11)","decl":{"start":{"line":112,"column":89},"end":{"line":112,"column":92}},"loc":{"start":{"line":112,"column":95},"end":{"line":112,"column":104}}}},"branchMap":{"0":{"loc":{"start":{"line":14,"column":4},"end":{"line":17,"column":5}},"type":"if","locations":[{"start":{"line":14,"column":4},"end":{"line":17,"column":5}}]},"1":{"loc":{"start":{"line":15,"column":36},"end":{"line":15,"column":85}},"type":"binary-expr","locations":[{"start":{"line":15,"column":36},"end":{"line":15,"column":67}},{"start":{"line":15,"column":71},"end":{"line":15,"column":85}}]},"2":{"loc":{"start":{"line":21,"column":4},"end":{"line":23,"column":5}},"type":"if","locations":[{"start":{"line":21,"column":4},"end":{"line":23,"column":5}}]},"3":{"loc":{"start":{"line":39,"column":15},"end":{"line":39,"column":114}},"type":"cond-expr","locations":[{"start":{"line":39,"column":47},"end":{"line":39,"column":80}},{"start":{"line":39,"column":83},"end":{"line":39,"column":114}}]},"4":{"loc":{"start":{"line":50,"column":4},"end":{"line":53,"column":5}},"type":"if","locations":[{"start":{"line":50,"column":4},"end":{"line":53,"column":5}}]},"5":{"loc":{"start":{"line":51,"column":36},"end":{"line":51,"column":85}},"type":"binary-expr","locations":[{"start":{"line":51,"column":36},"end":{"line":51,"column":67}},{"start":{"line":51,"column":71},"end":{"line":51,"column":85}}]},"6":{"loc":{"start":{"line":65,"column":10},"end":{"line":65,"column":49}},"type":"if","locations":[{"start":{"line":65,"column":10},"end":{"line":65,"column":49}}]},"7":{"loc":{"start":{"line":98,"column":6},"end":{"line":100,"column":7}},"type":"if","locations":[{"start":{"line":98,"column":6},"end":{"line":100,"column":7}}]}},"s":{"0":4,"1":4,"2":4,"3":4,"4":4,"5":4,"6":4,"7":4,"8":3,"9":3,"10":3,"11":3,"12":1,"13":1,"14":2,"15":2,"16":2,"17":2,"18":2,"19":2,"20":1,"21":1,"22":1,"23":4,"24":2,"25":2,"26":2,"27":2,"28":1,"29":1,"30":1,"31":1,"32":1,"33":1,"34":1,"35":1,"36":1,"37":1,"38":2,"39":2,"40":2,"41":2,"42":1,"43":2,"44":1,"45":2,"46":2,"47":0,"48":4,"49":0,"50":0,"51":0,"52":0,"53":0,"54":0,"55":0,"56":0,"57":0,"58":0,"59":0,"60":0,"61":0,"62":0,"63":0,"64":0,"65":0},"f":{"0":3,"1":2,"2":2,"3":2,"4":2,"5":2,"6":0,"7":0,"8":0,"9":0,"10":0,"11":0},"b":{"0":[1],"1":[1,0],"2":[2],"3":[0,1],"4":[1],"5":[1,0],"6":[2],"7":[0]}}
,"/Users/new/Documents/projects/codematic/node/segment-to-context-service/backend/src/routes/userRoutes.ts": {"path":"/Users/new/Documents/projects/codematic/node/segment-to-context-service/backend/src/routes/userRoutes.ts","statementMap":{"0":{"start":{"line":1,"column":0},"end":{"line":1,"column":33}},"1":{"start":{"line":2,"column":0},"end":{"line":2,"column":56}},"2":{"start":{"line":3,"column":0},"end":{"line":3,"column":65}},"3":{"start":{"line":5,"column":13},"end":{"line":5,"column":35}},"4":{"start":{"line":7,"column":0},"end":{"line":26,"column":3}},"5":{"start":{"line":8,"column":2},"end":{"line":25,"column":3}},"6":{"start":{"line":9,"column":21},"end":{"line":9,"column":34}},"7":{"start":{"line":10,"column":23},"end":{"line":10,"column":33}},"8":{"start":{"line":11,"column":18},"end":{"line":11,"column":75}},"9":{"start":{"line":12,"column":17},"end":{"line":12,"column":62}},"10":{"start":{"line":13,"column":4},"end":{"line":22,"column":7}},"11":{"start":{"line":14,"column":31},"end":{"line":21,"column":8}},"12":{"start":{"line":24,"column":4},"end":{"line":24,"column":12}},"13":{"start":{"line":28,"column":0},"end":{"line":42,"column":3}},"14":{"start":{"line":29,"column":2},"end":{"line":41,"column":3}},"15":{"start":{"line":30,"column":21},"end":{"line":30,"column":34}},"16":{"start":{"line":31,"column":23},"end":{"line":31,"column":33}},"17":{"start":{"line":32,"column":16},"end":{"line":32,"column":42}},"18":{"start":{"line":33,"column":16},"end":{"line":33,"column":52}},"19":{"start":{"line":34,"column":4},"end":{"line":37,"column":5}},"20":{"start":{"line":35,"column":6},"end":{"line":35,"column":67}},"21":{"start":{"line":36,"column":6},"end":{"line":36,"column":13}},"22":{"start":{"line":38,"column":4},"end":{"line":38,"column":18}},"23":{"start":{"line":40,"column":4},"end":{"line":40,"column":12}}},"fnMap":{"0":{"name":"(anonymous_0)","decl":{"start":{"line":7,"column":34},"end":{"line":7,"column":39}},"loc":{"start":{"line":7,"column":59},"end":{"line":26,"column":1}}},"1":{"name":"(anonymous_1)","decl":{"start":{"line":14,"column":23},"end":{"line":14,"column":24}},"loc":{"start":{"line":14,"column":31},"end":{"line":21,"column":8}}},"2":{"name":"(anonymous_2)","decl":{"start":{"line":28,"column":35},"end":{"line":28,"column":40}},"loc":{"start":{"line":28,"column":60},"end":{"line":42,"column":1}}}},"branchMap":{"0":{"loc":{"start":{"line":11,"column":44},"end":{"line":11,"column":73}},"type":"binary-expr","locations":[{"start":{"line":11,"column":44},"end":{"line":11,"column":67}},{"start":{"line":11,"column":71},"end":{"line":11,"column":73}}]},"1":{"loc":{"start":{"line":19,"column":20},"end":{"line":19,"column":38}},"type":"binary-expr","locations":[{"start":{"line":19,"column":20},"end":{"line":19,"column":32}},{"start":{"line":19,"column":36},"end":{"line":19,"column":38}}]},"2":{"loc":{"start":{"line":34,"column":4},"end":{"line":37,"column":5}},"type":"if","locations":[{"start":{"line":34,"column":4},"end":{"line":37,"column":5}}]}},"s":{"0":4,"1":4,"2":4,"3":4,"4":4,"5":1,"6":1,"7":1,"8":1,"9":1,"10":1,"11":1,"12":0,"13":4,"14":2,"15":2,"16":2,"17":2,"18":2,"19":2,"20":1,"21":1,"22":1,"23":0},"f":{"0":1,"1":1,"2":2},"b":{"0":[1,1],"1":[1,0],"2":[1]}}
,"/Users/new/Documents/projects/codematic/node/segment-to-context-service/backend/src/services/analyticsRoutingService.ts": {"path":"/Users/new/Documents/projects/codematic/node/segment-to-context-service/backend/src/services/analyticsRoutingService.ts","statementMap":{"0":{"start":{"line":8,"column":0},"end":{"line":8,"column":7}},"1":{"start":{"line":1,"column":0},"end":{"line":1,"column":36}},"2":{"start":{"line":2,"column":0},"end":{"line":2,"column":41}},"3":{"start":{"line":9,"column":2},"end":{"line":9,"column":35}},"4":{"start":{"line":9,"column":28},"end":{"line":9,"column":35}},"5":{"start":{"line":10,"column":2},"end":{"line":10,"column":112}}},"fnMap":{"0":{"name":"routeRawEventToBigQuery","decl":{"start":{"line":8,"column":22},"end":{"line":8,"column":45}},"loc":{"start":{"line":8,"column":78},"end":{"line":11,"column":1}}}},"branchMap":{"0":{"loc":{"start":{"line":9,"column":2},"end":{"line":9,"column":35}},"type":"if","locations":[{"start":{"line":9,"column":2},"end":{"line":9,"column":35}}]}},"s":{"0":6,"1":6,"2":6,"3":1,"4":1,"5":0},"f":{"0":1},"b":{"0":[1]}}
,"/Users/new/Documents/projects/codematic/node/segment-to-context-service/backend/src/services/cacheService.ts": {"path":"/Users/new/Documents/projects/codematic/node/segment-to-context-service/backend/src/services/cacheService.ts","statementMap":{"0":{"start":{"line":4,"column":0},"end":{"line":4,"column":7}},"1":{"start":{"line":9,"column":0},"end":{"line":9,"column":7}},"2":{"start":{"line":14,"column":0},"end":{"line":14,"column":7}},"3":{"start":{"line":20,"column":0},"end":{"line":20,"column":7}},"4":{"start":{"line":27,"column":0},"end":{"line":27,"column":7}},"5":{"start":{"line":32,"column":0},"end":{"line":32,"column":7}},"6":{"start":{"line":38,"column":0},"end":{"line":38,"column":7}},"7":{"start":{"line":42,"column":0},"end":{"line":42,"column":7}},"8":{"start":{"line":49,"column":0},"end":{"line":49,"column":7}},"9":{"start":{"line":2,"column":0},"end":{"line":2,"column":43}},"10":{"start":{"line":5,"column":16},"end":{"line":5,"column":32}},"11":{"start":{"line":6,"column":2},"end":{"line":6,"column":66}},"12":{"start":{"line":10,"column":16},"end":{"line":10,"column":32}},"13":{"start":{"line":11,"column":2},"end":{"line":11,"column":66}},"14":{"start":{"line":15,"column":16},"end":{"line":15,"column":32}},"15":{"start":{"line":16,"column":14},"end":{"line":16,"column":41}},"16":{"start":{"line":17,"column":2},"end":{"line":17,"column":64}},"17":{"start":{"line":21,"column":16},"end":{"line":21,"column":32}},"18":{"start":{"line":22,"column":14},"end":{"line":22,"column":41}},"19":{"start":{"line":23,"column":12},"end":{"line":23,"column":32}},"20":{"start":{"line":24,"column":2},"end":{"line":24,"column":34}},"21":{"start":{"line":28,"column":16},"end":{"line":28,"column":32}},"22":{"start":{"line":29,"column":2},"end":{"line":29,"column":47}},"23":{"start":{"line":33,"column":14},"end":{"line":33,"column":32}},"24":{"start":{"line":34,"column":14},"end":{"line":34,"column":65}},"25":{"start":{"line":35,"column":2},"end":{"line":35,"column":22}},"26":{"start":{"line":39,"column":2},"end":{"line":39,"column":38}},"27":{"start":{"line":43,"column":16},"end":{"line":43,"column":32}},"28":{"start":{"line":44,"column":14},"end":{"line":44,"column":41}},"29":{"start":{"line":45,"column":12},"end":{"line":45,"column":32}},"30":{"start":{"line":46,"column":2},"end":{"line":46,"column":61}},"31":{"start":{"line":50,"column":16},"end":{"line":50,"column":32}},"32":{"start":{"line":51,"column":14},"end":{"line":51,"column":41}},"33":{"start":{"line":52,"column":2},"end":{"line":52,"column":61}}},"fnMap":{"0":{"name":"publishRealtimeEvent","decl":{"start":{"line":4,"column":22},"end":{"line":4,"column":42}},"loc":{"start":{"line":4,"column":75},"end":{"line":7,"column":1}}},"1":{"name":"publishContextUpdate","decl":{"start":{"line":9,"column":22},"end":{"line":9,"column":42}},"loc":{"start":{"line":9,"column":75},"end":{"line":12,"column":1}}},"2":{"name":"cacheUserContext","decl":{"start":{"line":14,"column":22},"end":{"line":14,"column":38}},"loc":{"start":{"line":14,"column":104},"end":{"line":18,"column":1}}},"3":{"name":"getCachedUserContext","decl":{"start":{"line":20,"column":22},"end":{"line":20,"column":42}},"loc":{"start":{"line":20,"column":75},"end":{"line":25,"column":1}}},"4":{"name":"invalidateUserContextCache","decl":{"start":{"line":27,"column":22},"end":{"line":27,"column":48}},"loc":{"start":{"line":27,"column":81},"end":{"line":30,"column":1}}},"5":{"name":"acquireLock","decl":{"start":{"line":32,"column":22},"end":{"line":32,"column":33}},"loc":{"start":{"line":32,"column":87},"end":{"line":36,"column":1}}},"6":{"name":"releaseLock","decl":{"start":{"line":38,"column":22},"end":{"line":38,"column":33}},"loc":{"start":{"line":38,"column":74},"end":{"line":40,"column":1}}},"7":{"name":"getUserAggregation","decl":{"start":{"line":42,"column":22},"end":{"line":42,"column":40}},"loc":{"start":{"line":42,"column":73},"end":{"line":47,"column":1}}},"8":{"name":"setUserAggregation","decl":{"start":{"line":49,"column":22},"end":{"line":49,"column":40}},"loc":{"start":{"line":49,"column":102},"end":{"line":53,"column":1}}}},"branchMap":{"0":{"loc":{"start":{"line":14,"column":91},"end":{"line":14,"column":104}},"type":"default-arg","locations":[{"start":{"line":14,"column":100},"end":{"line":14,"column":104}}]},"1":{"loc":{"start":{"line":24,"column":9},"end":{"line":24,"column":33}},"type":"cond-expr","locations":[{"start":{"line":24,"column":13},"end":{"line":24,"column":26}},{"start":{"line":24,"column":29},"end":{"line":24,"column":33}}]},"2":{"loc":{"start":{"line":32,"column":76},"end":{"line":32,"column":87}},"type":"default-arg","locations":[{"start":{"line":32,"column":85},"end":{"line":32,"column":87}}]},"3":{"loc":{"start":{"line":46,"column":9},"end":{"line":46,"column":60}},"type":"cond-expr","locations":[{"start":{"line":46,"column":14},"end":{"line":46,"column":53}},{"start":{"line":46,"column":56},"end":{"line":46,"column":60}}]},"4":{"loc":{"start":{"line":49,"column":90},"end":{"line":49,"column":102}},"type":"default-arg","locations":[{"start":{"line":49,"column":99},"end":{"line":49,"column":102}}]}},"s":{"0":9,"1":9,"2":9,"3":9,"4":9,"5":9,"6":9,"7":9,"8":9,"9":9,"10":1,"11":1,"12":1,"13":1,"14":1,"15":1,"16":1,"17":1,"18":1,"19":1,"20":1,"21":1,"22":1,"23":1,"24":1,"25":1,"26":1,"27":1,"28":1,"29":1,"30":1,"31":1,"32":1,"33":1},"f":{"0":1,"1":1,"2":1,"3":1,"4":1,"5":1,"6":1,"7":1,"8":1},"b":{"0":[0],"1":[1,0],"2":[0],"3":[1,0],"4":[0]}}
,"/Users/new/Documents/projects/codematic/node/segment-to-context-service/backend/src/services/eventService.ts": {"path":"/Users/new/Documents/projects/codematic/node/segment-to-context-service/backend/src/services/eventService.ts","statementMap":{"0":{"start":{"line":1,"column":0},"end":{"line":1,"column":36}},"1":{"start":{"line":2,"column":0},"end":{"line":2,"column":53}},"2":{"start":{"line":3,"column":0},"end":{"line":3,"column":62}},"3":{"start":{"line":4,"column":0},"end":{"line":4,"column":79}},"4":{"start":{"line":5,"column":0},"end":{"line":5,"column":58}},"5":{"start":{"line":6,"column":0},"end":{"line":6,"column":null}},"6":{"start":{"line":12,"column":0},"end":{"line":12,"column":68}},"7":{"start":{"line":13,"column":0},"end":{"line":13,"column":41}},"8":{"start":{"line":25,"column":31},"end":{"line":25,"column":47}},"9":{"start":{"line":28,"column":20},"end":{"line":28,"column":46}},"10":{"start":{"line":29,"column":15},"end":{"line":29,"column":40}},"11":{"start":{"line":30,"column":23},"end":{"line":30,"column":45}},"12":{"start":{"line":32,"column":20},"end":{"line":48,"column":6}},"13":{"start":{"line":33,"column":34},"end":{"line":41,"column":8}},"14":{"start":{"line":43,"column":6},"end":{"line":45,"column":7}},"15":{"start":{"line":44,"column":8},"end":{"line":44,"column":59}},"16":{"start":{"line":47,"column":6},"end":{"line":47,"column":56}},"17":{"start":{"line":50,"column":4},"end":{"line":53,"column":5}},"18":{"start":{"line":51,"column":6},"end":{"line":51,"column":107}},"19":{"start":{"line":52,"column":6},"end":{"line":52,"column":53}},"20":{"start":{"line":55,"column":4},"end":{"line":62,"column":7}},"21":{"start":{"line":64,"column":4},"end":{"line":71,"column":7}},"22":{"start":{"line":73,"column":4},"end":{"line":80,"column":7}},"23":{"start":{"line":82,"column":4},"end":{"line":82,"column":50}},"24":{"start":{"line":86,"column":19},"end":{"line":86,"column":68}},"25":{"start":{"line":87,"column":4},"end":{"line":89,"column":5}},"26":{"start":{"line":88,"column":6},"end":{"line":88,"column":63}},"27":{"start":{"line":91,"column":15},"end":{"line":91,"column":86}},"28":{"start":{"line":92,"column":4},"end":{"line":94,"column":5}},"29":{"start":{"line":93,"column":6},"end":{"line":93,"column":56}},"30":{"start":{"line":95,"column":4},"end":{"line":95,"column":14}},"31":{"start":{"line":99,"column":4},"end":{"line":99,"column":60}},"32":{"start":{"line":100,"column":4},"end":{"line":100,"column":59}},"33":{"start":{"line":24,"column":0},"end":{"line":24,"column":13}}},"fnMap":{"0":{"name":"(anonymous_9)","decl":{"start":{"line":25,"column":2},"end":{"line":25,"column":31}},"loc":{"start":{"line":25,"column":47},"end":{"line":25,"column":51}}},"1":{"name":"(anonymous_10)","decl":{"start":{"line":27,"column":2},"end":{"line":27,"column":7}},"loc":{"start":{"line":27,"column":43},"end":{"line":83,"column":3}}},"2":{"name":"(anonymous_11)","decl":{"start":{"line":32,"column":42},"end":{"line":32,"column":47}},"loc":{"start":{"line":32,"column":59},"end":{"line":48,"column":5}}},"3":{"name":"(anonymous_12)","decl":{"start":{"line":85,"column":2},"end":{"line":85,"column":7}},"loc":{"start":{"line":85,"column":41},"end":{"line":96,"column":3}}},"4":{"name":"(anonymous_13)","decl":{"start":{"line":98,"column":2},"end":{"line":98,"column":7}},"loc":{"start":{"line":98,"column":92},"end":{"line":101,"column":3}}}},"branchMap":{"0":{"loc":{"start":{"line":28,"column":20},"end":{"line":28,"column":46}},"type":"binary-expr","locations":[{"start":{"line":28,"column":20},"end":{"line":28,"column":34}},{"start":{"line":28,"column":38},"end":{"line":28,"column":46}}]},"1":{"loc":{"start":{"line":30,"column":23},"end":{"line":30,"column":45}},"type":"binary-expr","locations":[{"start":{"line":30,"column":23},"end":{"line":30,"column":39}},{"start":{"line":30,"column":43},"end":{"line":30,"column":45}}]},"2":{"loc":{"start":{"line":43,"column":6},"end":{"line":45,"column":7}},"type":"if","locations":[{"start":{"line":43,"column":6},"end":{"line":45,"column":7}}]},"3":{"loc":{"start":{"line":50,"column":4},"end":{"line":53,"column":5}},"type":"if","locations":[{"start":{"line":50,"column":4},"end":{"line":53,"column":5}}]},"4":{"loc":{"start":{"line":70,"column":16},"end":{"line":70,"column":76}},"type":"cond-expr","locations":[{"start":{"line":70,"column":50},"end":{"line":70,"column":65}},{"start":{"line":70,"column":68},"end":{"line":70,"column":76}}]},"5":{"loc":{"start":{"line":87,"column":4},"end":{"line":89,"column":5}},"type":"if","locations":[{"start":{"line":87,"column":4},"end":{"line":89,"column":5}}]},"6":{"loc":{"start":{"line":92,"column":4},"end":{"line":94,"column":5}},"type":"if","locations":[{"start":{"line":92,"column":4},"end":{"line":94,"column":5}}]}},"s":{"0":5,"1":5,"2":5,"3":5,"4":5,"5":5,"6":5,"7":5,"8":3,"9":2,"10":2,"11":2,"12":2,"13":2,"14":2,"15":1,"16":1,"17":2,"18":1,"19":1,"20":1,"21":1,"22":1,"23":1,"24":1,"25":1,"26":0,"27":1,"28":1,"29":1,"30":1,"31":0,"32":0,"33":5},"f":{"0":3,"1":2,"2":2,"3":1,"4":0},"b":{"0":[2,0],"1":[2,0],"2":[1],"3":[1],"4":[0,1],"5":[0],"6":[1]}}
,"/Users/new/Documents/projects/codematic/node/segment-to-context-service/backend/src/services/llmService.ts": {"path":"/Users/new/Documents/projects/codematic/node/segment-to-context-service/backend/src/services/llmService.ts","statementMap":{"0":{"start":{"line":29,"column":0},"end":{"line":29,"column":16}},"1":{"start":{"line":47,"column":0},"end":{"line":47,"column":16}},"2":{"start":{"line":53,"column":0},"end":{"line":53,"column":16}},"3":{"start":{"line":70,"column":0},"end":{"line":70,"column":16}},"4":{"start":{"line":90,"column":0},"end":{"line":90,"column":7}},"5":{"start":{"line":1,"column":0},"end":{"line":1,"column":50}},"6":{"start":{"line":2,"column":0},"end":{"line":2,"column":36}},"7":{"start":{"line":3,"column":0},"end":{"line":3,"column":41}},"8":{"start":{"line":4,"column":0},"end":{"line":4,"column":77}},"9":{"start":{"line":9,"column":40},"end":{"line":9,"column":42}},"10":{"start":{"line":10,"column":2},"end":{"line":12,"column":3}},"11":{"start":{"line":11,"column":4},"end":{"line":11,"column":57}},"12":{"start":{"line":13,"column":20},"end":{"line":15,"column":15}},"13":{"start":{"line":14,"column":21},"end":{"line":14,"column":35}},"14":{"start":{"line":16,"column":16},"end":{"line":16,"column":41}},"15":{"start":{"line":17,"column":15},"end":{"line":17,"column":24}},"16":{"start":{"line":19,"column":4},"end":{"line":21,"column":9}},"17":{"start":{"line":22,"column":17},"end":{"line":25,"column":15}},"18":{"start":{"line":24,"column":16},"end":{"line":24,"column":74}},"19":{"start":{"line":26,"column":2},"end":{"line":26,"column":54}},"20":{"start":{"line":30,"column":12},"end":{"line":30,"column":35}},"21":{"start":{"line":31,"column":2},"end":{"line":44,"column":97}},"22":{"start":{"line":48,"column":16},"end":{"line":48,"column":41}},"23":{"start":{"line":49,"column":2},"end":{"line":49,"column":64}},"24":{"start":{"line":49,"column":14},"end":{"line":49,"column":64}},"25":{"start":{"line":50,"column":2},"end":{"line":50,"column":60}},"26":{"start":{"line":54,"column":16},"end":{"line":56,"column":14}},"27":{"start":{"line":57,"column":2},"end":{"line":67,"column":4}},"28":{"start":{"line":71,"column":20},"end":{"line":71,"column":69}},"29":{"start":{"line":71,"column":41},"end":{"line":71,"column":68}},"30":{"start":{"line":72,"column":21},"end":{"line":72,"column":118}},"31":{"start":{"line":72,"column":50},"end":{"line":72,"column":114}},"32":{"start":{"line":73,"column":16},"end":{"line":73,"column":24}},"33":{"start":{"line":74,"column":2},"end":{"line":75,"column":51}},"34":{"start":{"line":74,"column":29},"end":{"line":74,"column":52}},"35":{"start":{"line":75,"column":7},"end":{"line":75,"column":51}},"36":{"start":{"line":75,"column":33},"end":{"line":75,"column":51}},"37":{"start":{"line":77,"column":2},"end":{"line":87,"column":4}},"38":{"start":{"line":91,"column":2},"end":{"line":93,"column":3}},"39":{"start":{"line":92,"column":4},"end":{"line":92,"column":49}},"40":{"start":{"line":95,"column":19},"end":{"line":98,"column":4}},"41":{"start":{"line":100,"column":16},"end":{"line":103,"column":4}},"42":{"start":{"line":105,"column":17},"end":{"line":105,"column":36}},"43":{"start":{"line":107,"column":15},"end":{"line":116,"column":null}},"44":{"start":{"line":109,"column":18},"end":{"line":111,"column":8}},"45":{"start":{"line":112,"column":18},"end":{"line":112,"column":98}},"46":{"start":{"line":112,"column":76},"end":{"line":112,"column":82}},"47":{"start":{"line":113,"column":6},"end":{"line":113,"column":56}},"48":{"start":{"line":113,"column":16},"end":{"line":113,"column":56}},"49":{"start":{"line":114,"column":6},"end":{"line":114,"column":17}},"50":{"start":{"line":119,"column":2},"end":{"line":125,"column":3}},"51":{"start":{"line":120,"column":19},"end":{"line":120,"column":39}},"52":{"start":{"line":121,"column":4},"end":{"line":121,"column":36}},"53":{"start":{"line":123,"column":4},"end":{"line":123,"column":84}},"54":{"start":{"line":124,"column":4},"end":{"line":124,"column":49}}},"fnMap":{"0":{"name":"summarizeEvents","decl":{"start":{"line":8,"column":9},"end":{"line":8,"column":24}},"loc":{"start":{"line":8,"column":45},"end":{"line":27,"column":1}}},"1":{"name":"(anonymous_1)","decl":{"start":{"line":14,"column":9},"end":{"line":14,"column":10}},"loc":{"start":{"line":14,"column":21},"end":{"line":14,"column":35}}},"2":{"name":"(anonymous_2)","decl":{"start":{"line":24,"column":9},"end":{"line":24,"column":10}},"loc":{"start":{"line":24,"column":16},"end":{"line":24,"column":74}}},"3":{"name":"buildPrompt","decl":{"start":{"line":29,"column":16},"end":{"line":29,"column":27}},"loc":{"start":{"line":29,"column":48},"end":{"line":45,"column":1}}},"4":{"name":"parseModelJson","decl":{"start":{"line":47,"column":16},"end":{"line":47,"column":30}},"loc":{"start":{"line":47,"column":43},"end":{"line":51,"column":1}}},"5":{"name":"normalizeContext","decl":{"start":{"line":53,"column":16},"end":{"line":53,"column":32}},"loc":{"start":{"line":53,"column":67},"end":{"line":68,"column":1}}},"6":{"name":"fallbackContextFromHeuristics","decl":{"start":{"line":70,"column":16},"end":{"line":70,"column":45}},"loc":{"start":{"line":70,"column":66},"end":{"line":88,"column":1}}},"7":{"name":"(anonymous_7)","decl":{"start":{"line":71,"column":34},"end":{"line":71,"column":35}},"loc":{"start":{"line":71,"column":41},"end":{"line":71,"column":68}}},"8":{"name":"(anonymous_8)","decl":{"start":{"line":72,"column":38},"end":{"line":72,"column":39}},"loc":{"start":{"line":72,"column":50},"end":{"line":72,"column":114}}},"9":{"name":"generateUserContextFromEvents","decl":{"start":{"line":90,"column":22},"end":{"line":90,"column":51}},"loc":{"start":{"line":90,"column":72},"end":{"line":126,"column":1}}},"10":{"name":"(anonymous_10)","decl":{"start":{"line":108,"column":4},"end":{"line":108,"column":9}},"loc":{"start":{"line":108,"column":15},"end":{"line":115,"column":5}}},"11":{"name":"(anonymous_11)","decl":{"start":{"line":112,"column":69},"end":{"line":112,"column":70}},"loc":{"start":{"line":112,"column":76},"end":{"line":112,"column":82}}}},"branchMap":{"0":{"loc":{"start":{"line":11,"column":27},"end":{"line":11,"column":51}},"type":"binary-expr","locations":[{"start":{"line":11,"column":27},"end":{"line":11,"column":46}},{"start":{"line":11,"column":50},"end":{"line":11,"column":51}}]},"1":{"loc":{"start":{"line":19,"column":4},"end":{"line":21,"column":9}},"type":"cond-expr","locations":[{"start":{"line":20,"column":8},"end":{"line":20,"column":106}},{"start":{"line":21,"column":8},"end":{"line":21,"column":9}}]},"2":{"loc":{"start":{"line":19,"column":4},"end":{"line":19,"column":17}},"type":"binary-expr","locations":[{"start":{"line":19,"column":4},"end":{"line":19,"column":9}},{"start":{"line":19,"column":13},"end":{"line":19,"column":17}}]},"3":{"loc":{"start":{"line":49,"column":2},"end":{"line":49,"column":64}},"type":"if","locations":[{"start":{"line":49,"column":2},"end":{"line":49,"column":64}}]},"4":{"loc":{"start":{"line":54,"column":16},"end":{"line":56,"column":14}},"type":"cond-expr","locations":[{"start":{"line":55,"column":6},"end":{"line":55,"column":31}},{"start":{"line":56,"column":6},"end":{"line":56,"column":14}}]},"5":{"loc":{"start":{"line":58,"column":13},"end":{"line":58,"column":50}},"type":"binary-expr","locations":[{"start":{"line":58,"column":13},"end":{"line":58,"column":27}},{"start":{"line":58,"column":31},"end":{"line":58,"column":50}}]},"6":{"loc":{"start":{"line":59,"column":13},"end":{"line":59,"column":39}},"type":"binary-expr","locations":[{"start":{"line":59,"column":13},"end":{"line":59,"column":27}},{"start":{"line":59,"column":31},"end":{"line":59,"column":39}}]},"7":{"loc":{"start":{"line":60,"column":53},"end":{"line":60,"column":83}},"type":"binary-expr","locations":[{"start":{"line":60,"column":53},"end":{"line":60,"column":76}},{"start":{"line":60,"column":80},"end":{"line":60,"column":83}}]},"8":{"loc":{"start":{"line":61,"column":20},"end":{"line":61,"column":55}},"type":"binary-expr","locations":[{"start":{"line":61,"column":20},"end":{"line":61,"column":40}},{"start":{"line":61,"column":44},"end":{"line":61,"column":55}}]},"9":{"loc":{"start":{"line":62,"column":54},"end":{"line":62,"column":82}},"type":"binary-expr","locations":[{"start":{"line":62,"column":54},"end":{"line":62,"column":77}},{"start":{"line":62,"column":81},"end":{"line":62,"column":82}}]},"10":{"loc":{"start":{"line":64,"column":22},"end":{"line":64,"column":50}},"type":"binary-expr","locations":[{"start":{"line":64,"column":22},"end":{"line":64,"column":44}},{"start":{"line":64,"column":48},"end":{"line":64,"column":50}}]},"11":{"loc":{"start":{"line":65,"column":24},"end":{"line":65,"column":82}},"type":"binary-expr","locations":[{"start":{"line":65,"column":24},"end":{"line":65,"column":76}},{"start":{"line":65,"column":80},"end":{"line":65,"column":82}}]},"12":{"loc":{"start":{"line":72,"column":64},"end":{"line":72,"column":113}},"type":"binary-expr","locations":[{"start":{"line":72,"column":64},"end":{"line":72,"column":108}},{"start":{"line":72,"column":112},"end":{"line":72,"column":113}}]},"13":{"loc":{"start":{"line":74,"column":2},"end":{"line":75,"column":51}},"type":"if","locations":[{"start":{"line":74,"column":2},"end":{"line":75,"column":51}},{"start":{"line":75,"column":7},"end":{"line":75,"column":51}}]},"14":{"loc":{"start":{"line":75,"column":7},"end":{"line":75,"column":51}},"type":"if","locations":[{"start":{"line":75,"column":7},"end":{"line":75,"column":51}}]},"15":{"loc":{"start":{"line":83,"column":16},"end":{"line":83,"column":55}},"type":"cond-expr","locations":[{"start":{"line":83,"column":41},"end":{"line":83,"column":47}},{"start":{"line":83,"column":50},"end":{"line":83,"column":55}}]},"16":{"loc":{"start":{"line":91,"column":2},"end":{"line":93,"column":3}},"type":"if","locations":[{"start":{"line":91,"column":2},"end":{"line":93,"column":3}}]},"17":{"loc":{"start":{"line":112,"column":18},"end":{"line":112,"column":98}},"type":"binary-expr","locations":[{"start":{"line":112,"column":18},"end":{"line":112,"column":92}},{"start":{"line":112,"column":96},"end":{"line":112,"column":98}}]},"18":{"loc":{"start":{"line":113,"column":6},"end":{"line":113,"column":56}},"type":"if","locations":[{"start":{"line":113,"column":6},"end":{"line":113,"column":56}}]}},"s":{"0":3,"1":3,"2":3,"3":3,"4":3,"5":3,"6":3,"7":3,"8":3,"9":1,"10":1,"11":6,"12":1,"13":2,"14":1,"15":1,"16":1,"17":1,"18":6,"19":1,"20":1,"21":1,"22":1,"23":1,"24":0,"25":1,"26":1,"27":1,"28":2,"29":12,"30":2,"31":5,"32":2,"33":2,"34":0,"35":2,"36":1,"37":2,"38":1,"39":1,"40":0,"41":0,"42":0,"43":0,"44":0,"45":0,"46":0,"47":0,"48":0,"49":0,"50":0,"51":0,"52":0,"53":0,"54":0},"f":{"0":1,"1":2,"2":6,"3":1,"4":1,"5":1,"6":2,"7":12,"8":5,"9":1,"10":0,"11":0},"b":{"0":[6,2],"1":[1,0],"2":[1,1],"3":[0],"4":[0,1],"5":[1,0],"6":[1,0],"7":[1,0],"8":[1,0],"9":[1,0],"10":[1,0],"11":[1,1],"12":[5,0],"13":[0,2],"14":[1],"15":[0,2],"16":[1],"17":[0,0],"18":[0]}}
,"/Users/new/Documents/projects/codematic/node/segment-to-context-service/backend/src/services/pubsubService.ts": {"path":"/Users/new/Documents/projects/codematic/node/segment-to-context-service/backend/src/services/pubsubService.ts","statementMap":{"0":{"start":{"line":8,"column":0},"end":{"line":8,"column":7}},"1":{"start":{"line":43,"column":0},"end":{"line":43,"column":7}},"2":{"start":{"line":1,"column":0},"end":{"line":1,"column":58}},"3":{"start":{"line":2,"column":0},"end":{"line":2,"column":36}},"4":{"start":{"line":3,"column":0},"end":{"line":3,"column":41}},"5":{"start":{"line":5,"column":26},"end":{"line":5,"column":30}},"6":{"start":{"line":6,"column":34},"end":{"line":6,"column":38}},"7":{"start":{"line":9,"column":2},"end":{"line":12,"column":3}},"8":{"start":{"line":10,"column":4},"end":{"line":10,"column":81}},"9":{"start":{"line":11,"column":4},"end":{"line":11,"column":11}},"10":{"start":{"line":14,"column":2},"end":{"line":17,"column":5}},"11":{"start":{"line":19,"column":12},"end":{"line":19,"column":51}},"12":{"start":{"line":20,"column":19},"end":{"line":20,"column":35}},"13":{"start":{"line":21,"column":2},"end":{"line":24,"column":3}},"14":{"start":{"line":22,"column":4},"end":{"line":22,"column":21}},"15":{"start":{"line":23,"column":4},"end":{"line":23,"column":73}},"16":{"start":{"line":26,"column":14},"end":{"line":26,"column":56}},"17":{"start":{"line":27,"column":22},"end":{"line":27,"column":40}},"18":{"start":{"line":28,"column":2},"end":{"line":37,"column":3}},"19":{"start":{"line":29,"column":4},"end":{"line":35,"column":7}},"20":{"start":{"line":36,"column":4},"end":{"line":36,"column":94}},"21":{"start":{"line":39,"column":2},"end":{"line":39,"column":12}},"22":{"start":{"line":40,"column":2},"end":{"line":40,"column":63}},"23":{"start":{"line":44,"column":2},"end":{"line":47,"column":3}},"24":{"start":{"line":45,"column":4},"end":{"line":45,"column":82}},"25":{"start":{"line":46,"column":4},"end":{"line":46,"column":16}},"26":{"start":{"line":48,"column":20},"end":{"line":48,"column":65}},"27":{"start":{"line":49,"column":2},"end":{"line":49,"column":19}}},"fnMap":{"0":{"name":"initializePubSub","decl":{"start":{"line":8,"column":22},"end":{"line":8,"column":38}},"loc":{"start":{"line":8,"column":38},"end":{"line":41,"column":1}}},"1":{"name":"publishUserEventMessage","decl":{"start":{"line":43,"column":22},"end":{"line":43,"column":45}},"loc":{"start":{"line":43,"column":78},"end":{"line":50,"column":1}}}},"branchMap":{"0":{"loc":{"start":{"line":9,"column":2},"end":{"line":12,"column":3}},"type":"if","locations":[{"start":{"line":9,"column":2},"end":{"line":12,"column":3}}]},"1":{"loc":{"start":{"line":16,"column":8},"end":{"line":16,"column":63}},"type":"cond-expr","locations":[{"start":{"line":16,"column":26},"end":{"line":16,"column":58}},{"start":{"line":16,"column":61},"end":{"line":16,"column":63}}]},"2":{"loc":{"start":{"line":21,"column":2},"end":{"line":24,"column":3}},"type":"if","locations":[{"start":{"line":21,"column":2},"end":{"line":24,"column":3}}]},"3":{"loc":{"start":{"line":28,"column":2},"end":{"line":37,"column":3}},"type":"if","locations":[{"start":{"line":28,"column":2},"end":{"line":37,"column":3}}]},"4":{"loc":{"start":{"line":44,"column":2},"end":{"line":47,"column":3}},"type":"if","locations":[{"start":{"line":44,"column":2},"end":{"line":47,"column":3}}]},"5":{"loc":{"start":{"line":44,"column":6},"end":{"line":44,"column":30}},"type":"binary-expr","locations":[{"start":{"line":44,"column":6},"end":{"line":44,"column":20}},{"start":{"line":44,"column":24},"end":{"line":44,"column":30}}]}},"s":{"0":6,"1":6,"2":6,"3":6,"4":6,"5":6,"6":6,"7":1,"8":1,"9":1,"10":0,"11":0,"12":0,"13":0,"14":0,"15":0,"16":0,"17":0,"18":0,"19":0,"20":0,"21":0,"22":0,"23":1,"24":1,"25":1,"26":0,"27":0},"f":{"0":1,"1":1},"b":{"0":[1],"1":[0,0],"2":[0],"3":[0],"4":[1],"5":[1,0]}}
,"/Users/new/Documents/projects/codematic/node/segment-to-context-service/backend/src/utils/backoff.ts": {"path":"/Users/new/Documents/projects/codematic/node/segment-to-context-service/backend/src/utils/backoff.ts","statementMap":{"0":{"start":{"line":1,"column":0},"end":{"line":1,"column":7}},"1":{"start":{"line":5,"column":0},"end":{"line":5,"column":16}},"2":{"start":{"line":11,"column":0},"end":{"line":11,"column":7}},"3":{"start":{"line":31,"column":0},"end":{"line":31,"column":16}},"4":{"start":{"line":2,"column":2},"end":{"line":2,"column":46}},"5":{"start":{"line":2,"column":27},"end":{"line":2,"column":44}},"6":{"start":{"line":6,"column":14},"end":{"line":6,"column":69}},"7":{"start":{"line":7,"column":17},"end":{"line":7,"column":48}},"8":{"start":{"line":8,"column":2},"end":{"line":8,"column":39}},"9":{"start":{"line":16,"column":2},"end":{"line":27,"column":3}},"10":{"start":{"line":16,"column":21},"end":{"line":16,"column":22}},"11":{"start":{"line":17,"column":4},"end":{"line":26,"column":5}},"12":{"start":{"line":18,"column":6},"end":{"line":18,"column":24}},"13":{"start":{"line":20,"column":6},"end":{"line":20,"column":22}},"14":{"start":{"line":21,"column":6},"end":{"line":23,"column":7}},"15":{"start":{"line":22,"column":8},"end":{"line":22,"column":18}},"16":{"start":{"line":24,"column":19},"end":{"line":24,"column":44}},"17":{"start":{"line":25,"column":6},"end":{"line":25,"column":24}},"18":{"start":{"line":28,"column":2},"end":{"line":28,"column":18}},"19":{"start":{"line":32,"column":14},"end":{"line":32,"column":90}},"20":{"start":{"line":33,"column":2},"end":{"line":33,"column":39}},"21":{"start":{"line":33,"column":27},"end":{"line":33,"column":39}},"22":{"start":{"line":34,"column":2},"end":{"line":34,"column":54}},"23":{"start":{"line":34,"column":42},"end":{"line":34,"column":54}},"24":{"start":{"line":35,"column":2},"end":{"line":35,"column":47}},"25":{"start":{"line":35,"column":35},"end":{"line":35,"column":47}},"26":{"start":{"line":36,"column":2},"end":{"line":36,"column":39}},"27":{"start":{"line":36,"column":27},"end":{"line":36,"column":39}},"28":{"start":{"line":37,"column":2},"end":{"line":37,"column":39}},"29":{"start":{"line":37,"column":27},"end":{"line":37,"column":39}},"30":{"start":{"line":38,"column":2},"end":{"line":38,"column":44}},"31":{"start":{"line":38,"column":32},"end":{"line":38,"column":44}},"32":{"start":{"line":39,"column":2},"end":{"line":39,"column":15}}},"fnMap":{"0":{"name":"sleep","decl":{"start":{"line":1,"column":22},"end":{"line":1,"column":27}},"loc":{"start":{"line":1,"column":38},"end":{"line":3,"column":1}}},"1":{"name":"(anonymous_1)","decl":{"start":{"line":2,"column":20},"end":{"line":2,"column":21}},"loc":{"start":{"line":2,"column":27},"end":{"line":2,"column":44}}},"2":{"name":"computeBackoffMs","decl":{"start":{"line":5,"column":16},"end":{"line":5,"column":32}},"loc":{"start":{"line":5,"column":78},"end":{"line":9,"column":1}}},"3":{"name":"withExponentialBackoff","decl":{"start":{"line":11,"column":22},"end":{"line":11,"column":44}},"loc":{"start":{"line":13,"column":89},"end":{"line":29,"column":1}}},"4":{"name":"isVertexRetryable","decl":{"start":{"line":31,"column":16},"end":{"line":31,"column":33}},"loc":{"start":{"line":31,"column":46},"end":{"line":40,"column":1}}}},"branchMap":{"0":{"loc":{"start":{"line":5,"column":50},"end":{"line":5,"column":62}},"type":"default-arg","locations":[{"start":{"line":5,"column":59},"end":{"line":5,"column":62}}]},"1":{"loc":{"start":{"line":5,"column":64},"end":{"line":5,"column":78}},"type":"default-arg","locations":[{"start":{"line":5,"column":72},"end":{"line":5,"column":78}}]},"2":{"loc":{"start":{"line":21,"column":6},"end":{"line":23,"column":7}},"type":"if","locations":[{"start":{"line":21,"column":6},"end":{"line":23,"column":7}}]},"3":{"loc":{"start":{"line":21,"column":10},"end":{"line":21,"column":69}},"type":"binary-expr","locations":[{"start":{"line":21,"column":10},"end":{"line":21,"column":35}},{"start":{"line":21,"column":39},"end":{"line":21,"column":69}}]},"4":{"loc":{"start":{"line":32,"column":14},"end":{"line":32,"column":90}},"type":"cond-expr","locations":[{"start":{"line":32,"column":37},"end":{"line":32,"column":62}},{"start":{"line":32,"column":65},"end":{"line":32,"column":90}}]},"5":{"loc":{"start":{"line":33,"column":2},"end":{"line":33,"column":39}},"type":"if","locations":[{"start":{"line":33,"column":2},"end":{"line":33,"column":39}}]},"6":{"loc":{"start":{"line":34,"column":2},"end":{"line":34,"column":54}},"type":"if","locations":[{"start":{"line":34,"column":2},"end":{"line":34,"column":54}}]},"7":{"loc":{"start":{"line":35,"column":2},"end":{"line":35,"column":47}},"type":"if","locations":[{"start":{"line":35,"column":2},"end":{"line":35,"column":47}}]},"8":{"loc":{"start":{"line":36,"column":2},"end":{"line":36,"column":39}},"type":"if","locations":[{"start":{"line":36,"column":2},"end":{"line":36,"column":39}}]},"9":{"loc":{"start":{"line":37,"column":2},"end":{"line":37,"column":39}},"type":"if","locations":[{"start":{"line":37,"column":2},"end":{"line":37,"column":39}}]},"10":{"loc":{"start":{"line":38,"column":2},"end":{"line":38,"column":44}},"type":"if","locations":[{"start":{"line":38,"column":2},"end":{"line":38,"column":44}}]}},"s":{"0":4,"1":4,"2":4,"3":4,"4":3,"5":3,"6":4,"7":4,"8":4,"9":2,"10":2,"11":4,"12":4,"13":3,"14":3,"15":1,"16":2,"17":2,"18":0,"19":0,"20":0,"21":0,"22":0,"23":0,"24":0,"25":0,"26":0,"27":0,"28":0,"29":0,"30":0,"31":0,"32":0},"f":{"0":3,"1":3,"2":4,"3":2,"4":0},"b":{"0":[2],"1":[2],"2":[1],"3":[3,2],"4":[0,0],"5":[0],"6":[0],"7":[0],"8":[0],"9":[0],"10":[0]}}
,"/Users/new/Documents/projects/codematic/node/segment-to-context-service/backend/src/utils/logger.ts": {"path":"/Users/new/Documents/projects/codematic/node/segment-to-context-service/backend/src/utils/logger.ts","statementMap":{"0":{"start":{"line":1,"column":0},"end":{"line":1,"column":30}},"1":{"start":{"line":2,"column":0},"end":{"line":2,"column":36}},"2":{"start":{"line":4,"column":13},"end":{"line":12,"column":3}}},"fnMap":{},"branchMap":{},"s":{"0":19,"1":19,"2":19},"f":{},"b":{}}
,"/Users/new/Documents/projects/codematic/node/segment-to-context-service/backend/src/validation/events.ts": {"path":"/Users/new/Documents/projects/codematic/node/segment-to-context-service/backend/src/validation/events.ts","statementMap":{"0":{"start":{"line":1,"column":0},"end":{"line":1,"column":24}},"1":{"start":{"line":3,"column":13},"end":{"line":3,"column":100}},"2":{"start":{"line":5,"column":13},"end":{"line":12,"column":3}},"3":{"start":{"line":9,"column":43},"end":{"line":9,"column":53}},"4":{"start":{"line":14,"column":13},"end":{"line":16,"column":3}}},"fnMap":{"0":{"name":"(anonymous_0)","decl":{"start":{"line":9,"column":37},"end":{"line":9,"column":40}},"loc":{"start":{"line":9,"column":43},"end":{"line":9,"column":53}}}},"branchMap":{},"s":{"0":5,"1":5,"2":5,"3":1007,"4":5},"f":{"0":1007},"b":{}}
,"/Users/new/Documents/projects/codematic/node/segment-to-context-service/backend/src/workers/contextProcessing.ts": {"path":"/Users/new/Documents/projects/codematic/node/segment-to-context-service/backend/src/workers/contextProcessing.ts","statementMap":{"0":{"start":{"line":13,"column":0},"end":{"line":13,"column":7}},"1":{"start":{"line":58,"column":0},"end":{"line":58,"column":7}},"2":{"start":{"line":1,"column":0},"end":{"line":1,"column":36}},"3":{"start":{"line":2,"column":0},"end":{"line":2,"column":41}},"4":{"start":{"line":3,"column":0},"end":{"line":3,"column":65}},"5":{"start":{"line":4,"column":0},"end":{"line":4,"column":79}},"6":{"start":{"line":5,"column":0},"end":{"line":5,"column":71}},"7":{"start":{"line":6,"column":0},"end":{"line":6,"column":43}},"8":{"start":{"line":7,"column":0},"end":{"line":7,"column":50}},"9":{"start":{"line":18,"column":17},"end":{"line":18,"column":59}},"10":{"start":{"line":20,"column":2},"end":{"line":22,"column":3}},"11":{"start":{"line":21,"column":4},"end":{"line":21,"column":62}},"12":{"start":{"line":24,"column":15},"end":{"line":24,"column":63}},"13":{"start":{"line":25,"column":19},"end":{"line":25,"column":80}},"14":{"start":{"line":26,"column":2},"end":{"line":28,"column":3}},"15":{"start":{"line":27,"column":4},"end":{"line":27,"column":53}},"16":{"start":{"line":30,"column":18},"end":{"line":30,"column":61}},"17":{"start":{"line":31,"column":2},"end":{"line":31,"column":75}},"18":{"start":{"line":32,"column":2},"end":{"line":32,"column":59}},"19":{"start":{"line":33,"column":2},"end":{"line":33,"column":58}},"20":{"start":{"line":34,"column":2},"end":{"line":34,"column":87}},"21":{"start":{"line":36,"column":2},"end":{"line":47,"column":5}},"22":{"start":{"line":49,"column":2},"end":{"line":49,"column":88}},"23":{"start":{"line":50,"column":2},"end":{"line":55,"column":4}},"24":{"start":{"line":64,"column":16},"end":{"line":64,"column":32}},"25":{"start":{"line":65,"column":18},"end":{"line":65,"column":41}},"26":{"start":{"line":66,"column":17},"end":{"line":66,"column":60}},"27":{"start":{"line":67,"column":2},"end":{"line":69,"column":3}},"28":{"start":{"line":68,"column":4},"end":{"line":68,"column":16}},"29":{"start":{"line":70,"column":2},"end":{"line":72,"column":3}},"30":{"start":{"line":71,"column":4},"end":{"line":71,"column":16}},"31":{"start":{"line":73,"column":2},"end":{"line":77,"column":3}},"32":{"start":{"line":74,"column":4},"end":{"line":74,"column":22}},"33":{"start":{"line":76,"column":4},"end":{"line":76,"column":44}}},"fnMap":{"0":{"name":"processUserContext","decl":{"start":{"line":13,"column":22},"end":{"line":13,"column":40}},"loc":{"start":{"line":16,"column":48},"end":{"line":56,"column":1}}},"1":{"name":"withPerUserLock","decl":{"start":{"line":58,"column":22},"end":{"line":58,"column":37}},"loc":{"start":{"line":62,"column":22},"end":{"line":78,"column":1}}}},"branchMap":{"0":{"loc":{"start":{"line":20,"column":2},"end":{"line":22,"column":3}},"type":"if","locations":[{"start":{"line":20,"column":2},"end":{"line":22,"column":3}}]},"1":{"loc":{"start":{"line":25,"column":19},"end":{"line":25,"column":80}},"type":"cond-expr","locations":[{"start":{"line":25,"column":50},"end":{"line":25,"column":56}},{"start":{"line":25,"column":59},"end":{"line":25,"column":80}}]},"2":{"loc":{"start":{"line":26,"column":2},"end":{"line":28,"column":3}},"type":"if","locations":[{"start":{"line":26,"column":2},"end":{"line":28,"column":3}}]},"3":{"loc":{"start":{"line":26,"column":6},"end":{"line":26,"column":52}},"type":"binary-expr","locations":[{"start":{"line":26,"column":6},"end":{"line":26,"column":10}},{"start":{"line":26,"column":14},"end":{"line":26,"column":52}}]},"4":{"loc":{"start":{"line":67,"column":2},"end":{"line":69,"column":3}},"type":"if","locations":[{"start":{"line":67,"column":2},"end":{"line":69,"column":3}}]},"5":{"loc":{"start":{"line":67,"column":6},"end":{"line":67,"column":45}},"type":"binary-expr","locations":[{"start":{"line":67,"column":6},"end":{"line":67,"column":13}},{"start":{"line":67,"column":17},"end":{"line":67,"column":45}}]},"6":{"loc":{"start":{"line":70,"column":2},"end":{"line":72,"column":3}},"type":"if","locations":[{"start":{"line":70,"column":2},"end":{"line":72,"column":3}}]},"7":{"loc":{"start":{"line":70,"column":6},"end":{"line":70,"column":45}},"type":"binary-expr","locations":[{"start":{"line":70,"column":6},"end":{"line":70,"column":13}},{"start":{"line":70,"column":17},"end":{"line":70,"column":45}}]}},"s":{"0":2,"1":2,"2":2,"3":2,"4":2,"5":2,"6":2,"7":2,"8":2,"9":3,"10":3,"11":1,"12":2,"13":2,"14":2,"15":1,"16":1,"17":1,"18":1,"19":1,"20":1,"21":1,"22":1,"23":1,"24":2,"25":1,"26":1,"27":1,"28":0,"29":1,"30":1,"31":0,"32":0,"33":0},"f":{"0":3,"1":2},"b":{"0":[1],"1":[0,2],"2":[1],"3":[2,1],"4":[0],"5":[1,1],"6":[1],"7":[1,1]}}
}
