TN:
SF:src/app.ts
FN:13,createApp
FN:27,(anonymous_2)
FN:31,(anonymous_3)
FNF:3
FNH:3
FNDA:10,createApp
FNDA:1,(anonymous_2)
FNDA:1,(anonymous_3)
DA:1,4
DA:2,4
DA:3,4
DA:4,4
DA:5,4
DA:6,4
DA:7,4
DA:8,4
DA:9,4
DA:10,4
DA:11,4
DA:13,4
DA:14,10
DA:16,10
DA:17,10
DA:23,10
DA:24,10
DA:25,10
DA:27,10
DA:28,1
DA:31,10
DA:32,1
DA:35,10
DA:36,10
DA:39,10
DA:40,10
DA:43,10
DA:44,10
DA:46,10
DA:47,10
LF:30
LH:30
BRF:0
BRH:0
end_of_record
TN:
SF:src/config/database.ts
FN:63,initializeDatabase
FN:73,withTransaction
FNF:2
FNH:0
FNDA:0,initializeDatabase
FNDA:0,withTransaction
DA:1,9
DA:2,9
DA:3,9
DA:5,9
DA:16,9
DA:63,9
DA:64,0
DA:65,0
DA:66,0
DA:68,0
DA:69,0
DA:73,9
DA:74,0
DA:75,0
DA:76,0
DA:77,0
DA:78,0
DA:79,0
DA:81,0
DA:82,0
DA:84,0
LF:21
LH:7
BRF:0
BRH:0
end_of_record
TN:
SF:src/config/env.ts
FN:5,(anonymous_1)
FNF:1
FNH:1
FNDA:171,(anonymous_1)
DA:1,19
DA:3,19
DA:5,19
DA:6,171
DA:7,171
DA:10,19
LF:6
LH:6
BRDA:6,0,0,171
BRDA:6,0,1,133
BRDA:7,1,0,38
BRDA:7,1,1,133
BRDA:11,2,0,19
BRDA:11,2,1,0
BRDA:13,3,0,19
BRDA:13,3,1,19
BRDA:16,4,0,19
BRDA:16,4,1,0
BRDA:18,5,0,19
BRDA:18,5,1,0
BRDA:19,6,0,19
BRDA:19,6,1,0
BRDA:20,7,0,19
BRDA:20,7,1,0
BRDA:25,8,0,19
BRDA:25,8,1,0
BRDA:27,9,0,19
BRDA:27,9,1,19
BRDA:31,10,0,19
BRDA:31,10,1,19
BRDA:32,11,0,19
BRDA:32,11,1,19
BRDA:33,12,0,19
BRDA:33,12,1,19
BRDA:34,13,0,19
BRDA:34,13,1,19
BRDA:35,14,0,19
BRDA:35,14,1,19
BRDA:36,15,0,19
BRDA:36,15,1,19
BRDA:37,16,0,19
BRDA:37,16,1,19
BRDA:38,17,0,19
BRDA:38,17,1,19
BRDA:52,18,0,19
BRDA:52,18,1,0
BRDA:55,19,0,19
BRDA:55,19,1,19
BRDA:56,20,0,19
BRDA:56,20,1,19
BRF:42
BRH:35
end_of_record
TN:
SF:src/config/redis.ts
FN:7,getRedis
FN:13,(anonymous_1)
FN:18,closeRedis
FNF:3
FNH:3
FNDA:4,getRedis
FNDA:65,(anonymous_1)
FNDA:1,closeRedis
DA:1,10
DA:2,10
DA:3,10
DA:5,10
DA:7,10
DA:8,4
DA:9,2
DA:13,65
DA:14,2
DA:15,1
DA:18,10
DA:19,1
DA:20,1
DA:22,1
LF:14
LH:14
BRDA:8,0,0,2
BRDA:8,1,0,4
BRDA:8,1,1,2
BRDA:19,2,0,1
BRF:4
BRH:4
end_of_record
TN:
SF:src/middleware/errorHandler.ts
FN:4,errorHandler
FNF:1
FNH:1
FNDA:3,errorHandler
DA:2,5
DA:4,5
DA:5,3
DA:6,3
DA:8,3
DA:9,3
DA:10,1
DA:11,1
DA:14,2
LF:9
LH:9
BRDA:5,0,0,3
BRDA:5,0,1,0
BRDA:9,1,0,1
BRF:3
BRH:2
end_of_record
TN:
SF:src/middleware/metrics.ts
FN:15,metricsMiddleware
FN:20,(anonymous_2)
FN:27,metricsHandler
FNF:3
FNH:2
FNDA:10,metricsMiddleware
FNDA:0,(anonymous_2)
FNDA:1,metricsHandler
DA:2,4
DA:4,4
DA:6,4
DA:7,0
DA:8,0
DA:15,4
DA:16,10
DA:17,10
DA:18,10
DA:20,0
DA:21,0
DA:22,0
DA:24,0
DA:27,4
DA:28,1
DA:29,1
DA:30,1
DA:32,0
DA:33,0
LF:19
LH:11
BRDA:6,0,0,0
BRDA:16,1,0,10
BRDA:21,2,0,0
BRDA:21,2,1,0
BRDA:28,3,0,1
BRF:5
BRH:2
end_of_record
TN:
SF:src/middleware/rateLimit.ts
FN:9,(anonymous_1)
FNF:1
FNH:1
FNDA:8,(anonymous_1)
DA:1,4
DA:2,4
DA:4,4
DA:9,8
LF:4
LH:4
BRDA:9,0,0,8
BRDA:9,0,1,0
BRF:2
BRH:1
end_of_record
TN:
SF:src/middleware/tenant.ts
FN:4,tenantMiddleware
FNF:1
FNH:1
FNDA:9,tenantMiddleware
DA:2,5
DA:4,5
DA:5,9
DA:6,9
DA:7,9
DA:9,9
DA:10,8
DA:11,8
DA:12,8
DA:15,1
DA:16,1
DA:17,1
DA:18,1
DA:21,0
LF:14
LH:13
BRDA:6,0,0,0
BRDA:6,0,1,9
BRDA:7,1,0,9
BRDA:7,1,1,1
BRDA:9,2,0,8
BRDA:15,3,0,1
BRF:6
BRH:5
end_of_record
TN:
SF:src/repositories/eventRepository.ts
FN:12,insertEvent
FN:60,listUserEvents
FN:69,(anonymous_2)
FN:75,countUserEvents
FNF:4
FNH:4
FNDA:3,insertEvent
FNDA:1,listUserEvents
FNDA:1,(anonymous_2)
FNDA:1,countUserEvents
DA:2,9
DA:12,9
DA:24,3
DA:40,3
DA:41,1
DA:44,2
DA:48,2
DA:49,2
DA:50,0
DA:52,2
DA:53,1
DA:54,1
DA:55,1
DA:57,1
DA:60,9
DA:61,1
DA:69,1
DA:75,9
DA:76,1
DA:80,1
LF:20
LH:19
BRDA:35,0,0,3
BRDA:35,0,1,0
BRDA:36,1,0,3
BRDA:36,1,1,3
BRDA:40,2,0,1
BRDA:49,3,0,0
BRDA:52,4,0,1
BRDA:60,5,0,0
BRDA:71,6,0,1
BRDA:71,6,1,0
BRDA:80,7,0,1
BRDA:80,7,1,0
BRF:12
BRH:7
end_of_record
TN:
SF:src/repositories/userContextRepository.ts
FN:15,upsertUserContext
FN:34,getLatestUserContext
FNF:2
FNH:2
FNDA:1,upsertUserContext
FNDA:1,getLatestUserContext
DA:1,8
DA:15,8
DA:20,1
DA:34,8
DA:38,1
DA:42,1
DA:43,1
DA:44,1
LF:8
LH:8
BRDA:43,0,0,0
BRF:1
BRH:0
end_of_record
TN:
SF:src/routes/eventRoutes.ts
FN:10,(anonymous_0)
FN:46,(anonymous_1)
FN:63,(anonymous_2)
FN:69,(anonymous_3)
FN:74,(anonymous_4)
FN:75,(anonymous_5)
FN:83,(anonymous_6)
FN:95,(anonymous_7)
FN:106,(anonymous_8)
FN:110,(anonymous_9)
FN:112,(anonymous_10)
FN:112,(anonymous_11)
FNF:12
FNH:6
FNDA:3,(anonymous_0)
FNDA:2,(anonymous_1)
FNDA:2,(anonymous_2)
FNDA:2,(anonymous_3)
FNDA:2,(anonymous_4)
FNDA:2,(anonymous_5)
FNDA:0,(anonymous_6)
FNDA:0,(anonymous_7)
FNDA:0,(anonymous_8)
FNDA:0,(anonymous_9)
FNDA:0,(anonymous_10)
FNDA:0,(anonymous_11)
DA:1,4
DA:2,4
DA:3,4
DA:4,4
DA:5,4
DA:6,4
DA:8,4
DA:10,4
DA:11,3
DA:12,3
DA:13,3
DA:14,3
DA:15,1
DA:16,1
DA:19,2
DA:20,2
DA:21,2
DA:22,2
DA:25,2
DA:26,2
DA:28,1
DA:35,1
DA:42,1
DA:46,4
DA:47,2
DA:48,2
DA:49,2
DA:50,2
DA:51,1
DA:52,1
DA:55,1
DA:56,1
DA:57,1
DA:58,1
DA:60,1
DA:61,1
DA:62,1
DA:64,2
DA:65,2
DA:66,2
DA:69,2
DA:72,1
DA:74,2
DA:75,2
DA:79,0
DA:83,4
DA:84,0
DA:86,0
DA:92,0
DA:93,0
DA:94,0
DA:95,0
DA:96,0
DA:97,0
DA:98,0
DA:99,0
DA:106,0
DA:107,0
DA:110,0
DA:111,0
DA:112,0
LF:61
LH:45
BRDA:14,0,0,1
BRDA:15,1,0,1
BRDA:15,1,1,0
BRDA:21,2,0,2
BRDA:39,3,0,0
BRDA:39,3,1,1
BRDA:50,4,0,1
BRDA:51,5,0,1
BRDA:51,5,1,0
BRDA:65,6,0,2
BRDA:98,7,0,0
BRF:11
BRH:7
end_of_record
TN:
SF:src/routes/userRoutes.ts
FN:7,(anonymous_0)
FN:14,(anonymous_1)
FN:28,(anonymous_2)
FNF:3
FNH:3
FNDA:1,(anonymous_0)
FNDA:1,(anonymous_1)
FNDA:2,(anonymous_2)
DA:1,4
DA:2,4
DA:3,4
DA:5,4
DA:7,4
DA:8,1
DA:9,1
DA:10,1
DA:11,1
DA:12,1
DA:13,1
DA:14,1
DA:24,0
DA:28,4
DA:29,2
DA:30,2
DA:31,2
DA:32,2
DA:33,2
DA:34,2
DA:35,1
DA:36,1
DA:38,1
DA:40,0
LF:24
LH:22
BRDA:11,0,0,1
BRDA:11,0,1,1
BRDA:19,1,0,1
BRDA:19,1,1,0
BRDA:34,2,0,1
BRF:5
BRH:4
end_of_record
TN:
SF:src/services/analyticsRoutingService.ts
FN:8,routeRawEventToBigQuery
FNF:1
FNH:1
FNDA:1,routeRawEventToBigQuery
DA:1,6
DA:2,6
DA:8,6
DA:9,1
DA:10,0
LF:5
LH:4
BRDA:9,0,0,1
BRF:1
BRH:1
end_of_record
TN:
SF:src/services/cacheService.ts
FN:4,publishRealtimeEvent
FN:9,publishContextUpdate
FN:14,cacheUserContext
FN:20,getCachedUserContext
FN:27,invalidateUserContextCache
FN:32,acquireLock
FN:38,releaseLock
FN:42,getUserAggregation
FN:49,setUserAggregation
FNF:9
FNH:9
FNDA:1,publishRealtimeEvent
FNDA:1,publishContextUpdate
FNDA:1,cacheUserContext
FNDA:1,getCachedUserContext
FNDA:1,invalidateUserContextCache
FNDA:1,acquireLock
FNDA:1,releaseLock
FNDA:1,getUserAggregation
FNDA:1,setUserAggregation
DA:2,9
DA:4,9
DA:5,1
DA:6,1
DA:9,9
DA:10,1
DA:11,1
DA:14,9
DA:15,1
DA:16,1
DA:17,1
DA:20,9
DA:21,1
DA:22,1
DA:23,1
DA:24,1
DA:27,9
DA:28,1
DA:29,1
DA:32,9
DA:33,1
DA:34,1
DA:35,1
DA:38,9
DA:39,1
DA:42,9
DA:43,1
DA:44,1
DA:45,1
DA:46,1
DA:49,9
DA:50,1
DA:51,1
DA:52,1
LF:34
LH:34
BRDA:14,0,0,0
BRDA:24,1,0,1
BRDA:24,1,1,0
BRDA:32,2,0,0
BRDA:46,3,0,1
BRDA:46,3,1,0
BRDA:49,4,0,0
BRF:7
BRH:2
end_of_record
TN:
SF:src/services/eventService.ts
FN:25,(anonymous_9)
FN:27,(anonymous_10)
FN:32,(anonymous_11)
FN:85,(anonymous_12)
FN:98,(anonymous_13)
FNF:5
FNH:4
FNDA:3,(anonymous_9)
FNDA:2,(anonymous_10)
FNDA:2,(anonymous_11)
FNDA:1,(anonymous_12)
FNDA:0,(anonymous_13)
DA:1,5
DA:2,5
DA:3,5
DA:4,5
DA:5,5
DA:6,5
DA:12,5
DA:13,5
DA:24,5
DA:25,3
DA:28,2
DA:29,2
DA:30,2
DA:32,2
DA:33,2
DA:43,2
DA:44,1
DA:47,1
DA:50,2
DA:51,1
DA:52,1
DA:55,1
DA:64,1
DA:73,1
DA:82,1
DA:86,1
DA:87,1
DA:88,0
DA:91,1
DA:92,1
DA:93,1
DA:95,1
DA:99,0
DA:100,0
LF:34
LH:31
BRDA:28,0,0,2
BRDA:28,0,1,0
BRDA:30,1,0,2
BRDA:30,1,1,0
BRDA:43,2,0,1
BRDA:50,3,0,1
BRDA:70,4,0,0
BRDA:70,4,1,1
BRDA:87,5,0,0
BRDA:92,6,0,1
BRF:10
BRH:6
end_of_record
TN:
SF:src/services/llmService.ts
FN:8,summarizeEvents
FN:14,(anonymous_1)
FN:24,(anonymous_2)
FN:29,buildPrompt
FN:47,parseModelJson
FN:53,normalizeContext
FN:70,fallbackContextFromHeuristics
FN:71,(anonymous_7)
FN:72,(anonymous_8)
FN:90,generateUserContextFromEvents
FN:108,(anonymous_10)
FN:112,(anonymous_11)
FNF:12
FNH:10
FNDA:1,summarizeEvents
FNDA:2,(anonymous_1)
FNDA:6,(anonymous_2)
FNDA:1,buildPrompt
FNDA:1,parseModelJson
FNDA:1,normalizeContext
FNDA:2,fallbackContextFromHeuristics
FNDA:12,(anonymous_7)
FNDA:5,(anonymous_8)
FNDA:1,generateUserContextFromEvents
FNDA:0,(anonymous_10)
FNDA:0,(anonymous_11)
DA:1,3
DA:2,3
DA:3,3
DA:4,3
DA:9,1
DA:10,1
DA:11,6
DA:13,1
DA:14,2
DA:16,1
DA:17,1
DA:19,1
DA:22,1
DA:24,6
DA:26,1
DA:29,3
DA:30,1
DA:31,1
DA:47,3
DA:48,1
DA:49,1
DA:50,1
DA:53,3
DA:54,1
DA:57,1
DA:70,3
DA:71,12
DA:72,5
DA:73,2
DA:74,2
DA:75,2
DA:77,2
DA:90,3
DA:91,1
DA:92,1
DA:95,0
DA:100,0
DA:105,0
DA:107,0
DA:109,0
DA:112,0
DA:113,0
DA:114,0
DA:119,0
DA:120,0
DA:121,0
DA:123,0
DA:124,0
LF:48
LH:35
BRDA:11,0,0,6
BRDA:11,0,1,2
BRDA:19,1,0,1
BRDA:19,1,1,0
BRDA:19,2,0,1
BRDA:19,2,1,1
BRDA:49,3,0,0
BRDA:54,4,0,0
BRDA:54,4,1,1
BRDA:58,5,0,1
BRDA:58,5,1,0
BRDA:59,6,0,1
BRDA:59,6,1,0
BRDA:60,7,0,1
BRDA:60,7,1,0
BRDA:61,8,0,1
BRDA:61,8,1,0
BRDA:62,9,0,1
BRDA:62,9,1,0
BRDA:64,10,0,1
BRDA:64,10,1,0
BRDA:65,11,0,1
BRDA:65,11,1,1
BRDA:72,12,0,5
BRDA:72,12,1,0
BRDA:74,13,0,0
BRDA:74,13,1,2
BRDA:75,14,0,1
BRDA:83,15,0,0
BRDA:83,15,1,2
BRDA:91,16,0,1
BRDA:112,17,0,0
BRDA:112,17,1,0
BRDA:113,18,0,0
BRF:34
BRH:19
end_of_record
TN:
SF:src/services/pubsubService.ts
FN:8,initializePubSub
FN:43,publishUserEventMessage
FNF:2
FNH:2
FNDA:1,initializePubSub
FNDA:1,publishUserEventMessage
DA:1,6
DA:2,6
DA:3,6
DA:5,6
DA:6,6
DA:8,6
DA:9,1
DA:10,1
DA:11,1
DA:14,0
DA:19,0
DA:20,0
DA:21,0
DA:22,0
DA:23,0
DA:26,0
DA:27,0
DA:28,0
DA:29,0
DA:36,0
DA:39,0
DA:40,0
DA:43,6
DA:44,1
DA:45,1
DA:46,1
DA:48,0
DA:49,0
LF:28
LH:13
BRDA:9,0,0,1
BRDA:16,1,0,0
BRDA:16,1,1,0
BRDA:21,2,0,0
BRDA:28,3,0,0
BRDA:44,4,0,1
BRDA:44,5,0,1
BRDA:44,5,1,0
BRF:8
BRH:3
end_of_record
TN:
SF:src/utils/backoff.ts
FN:1,sleep
FN:2,(anonymous_1)
FN:5,computeBackoffMs
FN:11,withExponentialBackoff
FN:31,isVertexRetryable
FNF:5
FNH:4
FNDA:3,sleep
FNDA:3,(anonymous_1)
FNDA:4,computeBackoffMs
FNDA:2,withExponentialBackoff
FNDA:0,isVertexRetryable
DA:1,4
DA:2,3
DA:5,4
DA:6,4
DA:7,4
DA:8,4
DA:11,4
DA:16,2
DA:17,4
DA:18,4
DA:20,3
DA:21,3
DA:22,1
DA:24,2
DA:25,2
DA:28,0
DA:31,4
DA:32,0
DA:33,0
DA:34,0
DA:35,0
DA:36,0
DA:37,0
DA:38,0
DA:39,0
LF:25
LH:16
BRDA:5,0,0,2
BRDA:5,1,0,2
BRDA:21,2,0,1
BRDA:21,3,0,3
BRDA:21,3,1,2
BRDA:32,4,0,0
BRDA:32,4,1,0
BRDA:33,5,0,0
BRDA:34,6,0,0
BRDA:35,7,0,0
BRDA:36,8,0,0
BRDA:37,9,0,0
BRDA:38,10,0,0
BRF:13
BRH:5
end_of_record
TN:
SF:src/utils/logger.ts
FNF:0
FNH:0
DA:1,19
DA:2,19
DA:4,19
LF:3
LH:3
BRF:0
BRH:0
end_of_record
TN:
SF:src/validation/events.ts
FN:9,(anonymous_0)
FNF:1
FNH:1
FNDA:1007,(anonymous_0)
DA:1,5
DA:3,5
DA:5,5
DA:9,1007
DA:14,5
LF:5
LH:5
BRF:0
BRH:0
end_of_record
TN:
SF:src/workers/contextProcessing.ts
FN:13,processUserContext
FN:58,withPerUserLock
FNF:2
FNH:2
FNDA:3,processUserContext
FNDA:2,withPerUserLock
DA:1,2
DA:2,2
DA:3,2
DA:4,2
DA:5,2
DA:6,2
DA:7,2
DA:13,2
DA:18,3
DA:20,3
DA:21,1
DA:24,2
DA:25,2
DA:26,2
DA:27,1
DA:30,1
DA:31,1
DA:32,1
DA:33,1
DA:34,1
DA:36,1
DA:49,1
DA:50,1
DA:58,2
DA:64,2
DA:65,1
DA:66,1
DA:67,1
DA:68,0
DA:70,1
DA:71,1
DA:73,0
DA:74,0
DA:76,0
LF:34
LH:30
BRDA:20,0,0,1
BRDA:25,1,0,0
BRDA:25,1,1,2
BRDA:26,2,0,1
BRDA:26,3,0,2
BRDA:26,3,1,1
BRDA:67,4,0,0
BRDA:67,5,0,1
BRDA:67,5,1,1
BRDA:70,6,0,1
BRDA:70,7,0,1
BRDA:70,7,1,1
BRF:12
BRH:10
end_of_record
